2021-01-09 19:19:40,514 [Worker-6: Loading available Gradle versions] INFO  o.e.b.c.i.u.g.PublishedGradleVersions - Gradle version information cache is up-to-date. Trying to read.
2021-01-09 19:28:06,708 [Worker-5: Creating maven-archetype-quickstart] INFO  o.e.m.c.i.p.ProjectConfigurationManager - Collecting project info '/pom.xml' C:\Users\paone\eclipse-workspace\New_E2EProject\E2E_Maven_Project\pom.xml
2021-01-09 19:28:08,063 [Worker-5: Creating maven-archetype-quickstart] INFO  o.e.m.c.i.l.LifecycleMappingFactory - Using org.eclipse.m2e.jdt.JarLifecycleMapping lifecycle mapping for MavenProject: PavanAcademy:E2E_Maven_Project:0.0.1-SNAPSHOT @ C:\Users\paone\eclipse-workspace\New_E2EProject\E2E_Maven_Project\pom.xml.
2021-01-09 19:28:08,517 [Worker-5: Creating maven-archetype-quickstart] INFO  o.e.m.j.i.AbstractJavaProjectConfigurator - Adding source folder /E2E_Maven_Project/src/main/java
2021-01-09 19:28:08,525 [Worker-5: Creating maven-archetype-quickstart] INFO  o.e.m.j.i.AbstractJavaProjectConfigurator - Adding source folder /E2E_Maven_Project/src/test/java
2021-01-09 19:28:08,863 [Worker-5: Creating maven-archetype-quickstart] INFO  o.e.m.c.i.p.ProjectConfigurationManager - Imported and configured 1 project(s) in 2 sec
2021-01-09 19:28:09,881 [Worker-23: Building] INFO  o.e.m.c.i.embedder.EclipseLogger - Using 'UTF-8' encoding to copy filtered resources.
2021-01-09 19:28:09,881 [Worker-23: Building] INFO  o.e.m.c.i.embedder.EclipseLogger - skip non existing resourceDirectory C:\Users\paone\eclipse-workspace\New_E2EProject\E2E_Maven_Project\src\main\resources
2021-01-09 19:28:09,884 [Worker-23: Building] INFO  o.e.m.c.i.embedder.EclipseLogger - Using 'UTF-8' encoding to copy filtered resources.
2021-01-09 19:28:09,885 [Worker-23: Building] INFO  o.e.m.c.i.embedder.EclipseLogger - skip non existing resourceDirectory C:\Users\paone\eclipse-workspace\New_E2EProject\E2E_Maven_Project\src\test\resources
2021-01-09 19:33:20,897 [Worker-24: Building] INFO  o.e.m.c.i.l.LifecycleMappingFactory - Using org.eclipse.m2e.jdt.JarLifecycleMapping lifecycle mapping for MavenProject: PavanAcademy:E2E_Maven_Project:0.0.1-SNAPSHOT @ C:\Users\paone\eclipse-workspace\New_E2EProject\E2E_Maven_Project\pom.xml.
2021-01-09 19:33:21,362 [Worker-24: Building] INFO  o.e.m.c.i.embedder.EclipseLogger - Using 'UTF-8' encoding to copy filtered resources.
2021-01-09 19:33:21,362 [Worker-24: Building] INFO  o.e.m.c.i.embedder.EclipseLogger - skip non existing resourceDirectory C:\Users\paone\eclipse-workspace\New_E2EProject\E2E_Maven_Project\src\main\resources
2021-01-09 19:33:21,366 [Worker-24: Building] INFO  o.e.m.c.i.embedder.EclipseLogger - Using 'UTF-8' encoding to copy filtered resources.
2021-01-09 19:33:21,367 [Worker-24: Building] INFO  o.e.m.c.i.embedder.EclipseLogger - skip non existing resourceDirectory C:\Users\paone\eclipse-workspace\New_E2EProject\E2E_Maven_Project\src\test\resources
2021-01-09 19:33:22,681 [Worker-22: Building] INFO  o.e.m.c.i.embedder.EclipseLogger - Using 'UTF-8' encoding to copy filtered resources.
2021-01-09 19:33:22,681 [Worker-22: Building] INFO  o.e.m.c.i.embedder.EclipseLogger - skip non existing resourceDirectory C:\Users\paone\eclipse-workspace\New_E2EProject\E2E_Maven_Project\src\main\resources
2021-01-09 19:33:22,684 [Worker-22: Building] INFO  o.e.m.c.i.embedder.EclipseLogger - Using 'UTF-8' encoding to copy filtered resources.
2021-01-09 19:33:22,684 [Worker-22: Building] INFO  o.e.m.c.i.embedder.EclipseLogger - skip non existing resourceDirectory C:\Users\paone\eclipse-workspace\New_E2EProject\E2E_Maven_Project\src\test\resources
2021-01-09 19:34:14,199 [Worker-24: Building] INFO  o.e.m.c.i.l.LifecycleMappingFactory - Using org.eclipse.m2e.jdt.JarLifecycleMapping lifecycle mapping for MavenProject: PavanAcademy:E2E_Maven_Project:0.0.1-SNAPSHOT @ C:\Users\paone\eclipse-workspace\New_E2EProject\E2E_Maven_Project\pom.xml.
2021-01-09 19:34:14,406 [Worker-24: Building] INFO  o.e.m.c.i.embedder.EclipseLogger - Using 'UTF-8' encoding to copy filtered resources.
2021-01-09 19:34:14,406 [Worker-24: Building] INFO  o.e.m.c.i.embedder.EclipseLogger - skip non existing resourceDirectory C:\Users\paone\eclipse-workspace\New_E2EProject\E2E_Maven_Project\src\main\resources
2021-01-09 19:34:14,407 [Worker-24: Building] INFO  o.e.m.c.i.embedder.EclipseLogger - Using 'UTF-8' encoding to copy filtered resources.
2021-01-09 19:34:14,408 [Worker-24: Building] INFO  o.e.m.c.i.embedder.EclipseLogger - skip non existing resourceDirectory C:\Users\paone\eclipse-workspace\New_E2EProject\E2E_Maven_Project\src\test\resources
2021-01-09 19:40:10,722 [Worker-26: Building] INFO  o.e.m.c.i.l.LifecycleMappingFactory - Using org.eclipse.m2e.jdt.JarLifecycleMapping lifecycle mapping for MavenProject: PavanAcademy:E2E_Maven_Project:0.0.1-SNAPSHOT @ C:\Users\paone\eclipse-workspace\New_E2EProject\E2E_Maven_Project\pom.xml.
2021-01-09 19:40:10,912 [Worker-26: Building] INFO  o.e.m.c.i.embedder.EclipseLogger - Using 'UTF-8' encoding to copy filtered resources.
2021-01-09 19:40:10,912 [Worker-26: Building] INFO  o.e.m.c.i.embedder.EclipseLogger - skip non existing resourceDirectory C:\Users\paone\eclipse-workspace\New_E2EProject\E2E_Maven_Project\src\main\resources
2021-01-09 19:40:10,914 [Worker-26: Building] INFO  o.e.m.c.i.embedder.EclipseLogger - Using 'UTF-8' encoding to copy filtered resources.
2021-01-09 19:40:10,915 [Worker-26: Building] INFO  o.e.m.c.i.embedder.EclipseLogger - skip non existing resourceDirectory C:\Users\paone\eclipse-workspace\New_E2EProject\E2E_Maven_Project\src\test\resources
2021-01-09 19:40:12,138 [Worker-21: Building] INFO  o.e.m.c.i.embedder.EclipseLogger - Using 'UTF-8' encoding to copy filtered resources.
2021-01-09 19:40:12,139 [Worker-21: Building] INFO  o.e.m.c.i.embedder.EclipseLogger - skip non existing resourceDirectory C:\Users\paone\eclipse-workspace\New_E2EProject\E2E_Maven_Project\src\main\resources
2021-01-09 19:40:12,141 [Worker-21: Building] INFO  o.e.m.c.i.embedder.EclipseLogger - Using 'UTF-8' encoding to copy filtered resources.
2021-01-09 19:40:12,141 [Worker-21: Building] INFO  o.e.m.c.i.embedder.EclipseLogger - skip non existing resourceDirectory C:\Users\paone\eclipse-workspace\New_E2EProject\E2E_Maven_Project\src\test\resources
2021-01-09 19:43:05,310 [Worker-26: Building] INFO  o.e.m.c.i.embedder.EclipseLogger - Using 'UTF-8' encoding to copy filtered resources.
2021-01-09 19:43:05,310 [Worker-26: Building] INFO  o.e.m.c.i.embedder.EclipseLogger - skip non existing resourceDirectory C:\Users\paone\eclipse-workspace\New_E2EProject\E2E_Maven_Project\src\main\resources
2021-01-09 19:43:05,312 [Worker-26: Building] INFO  o.e.m.c.i.embedder.EclipseLogger - Using 'UTF-8' encoding to copy filtered resources.
2021-01-09 19:43:05,313 [Worker-26: Building] INFO  o.e.m.c.i.embedder.EclipseLogger - skip non existing resourceDirectory C:\Users\paone\eclipse-workspace\New_E2EProject\E2E_Maven_Project\src\test\resources
2021-01-09 19:43:06,384 [Worker-30: Building] INFO  o.e.m.c.i.embedder.EclipseLogger - Using 'UTF-8' encoding to copy filtered resources.
2021-01-09 19:43:06,384 [Worker-30: Building] INFO  o.e.m.c.i.embedder.EclipseLogger - skip non existing resourceDirectory C:\Users\paone\eclipse-workspace\New_E2EProject\E2E_Maven_Project\src\main\resources
2021-01-09 19:43:06,386 [Worker-30: Building] INFO  o.e.m.c.i.embedder.EclipseLogger - Using 'UTF-8' encoding to copy filtered resources.
2021-01-09 19:43:06,386 [Worker-30: Building] INFO  o.e.m.c.i.embedder.EclipseLogger - skip non existing resourceDirectory C:\Users\paone\eclipse-workspace\New_E2EProject\E2E_Maven_Project\src\test\resources
2021-01-09 19:48:47,708 [Worker-30: Building] INFO  o.e.m.c.i.embedder.EclipseLogger - Using 'UTF-8' encoding to copy filtered resources.
2021-01-09 19:48:47,708 [Worker-30: Building] INFO  o.e.m.c.i.embedder.EclipseLogger - skip non existing resourceDirectory C:\Users\paone\eclipse-workspace\New_E2EProject\E2E_Maven_Project\src\main\resources
2021-01-09 19:48:47,710 [Worker-30: Building] INFO  o.e.m.c.i.embedder.EclipseLogger - Using 'UTF-8' encoding to copy filtered resources.
2021-01-09 19:48:47,710 [Worker-30: Building] INFO  o.e.m.c.i.embedder.EclipseLogger - skip non existing resourceDirectory C:\Users\paone\eclipse-workspace\New_E2EProject\E2E_Maven_Project\src\test\resources
2021-01-09 19:51:30,484 [Worker-34: Building] INFO  o.e.m.c.i.embedder.EclipseLogger - Using 'UTF-8' encoding to copy filtered resources.
2021-01-09 19:51:30,484 [Worker-34: Building] INFO  o.e.m.c.i.embedder.EclipseLogger - skip non existing resourceDirectory C:\Users\paone\eclipse-workspace\New_E2EProject\E2E_Maven_Project\src\main\resources
2021-01-09 19:51:30,485 [Worker-34: Building] INFO  o.e.m.c.i.embedder.EclipseLogger - Using 'UTF-8' encoding to copy filtered resources.
2021-01-09 19:51:30,485 [Worker-34: Building] INFO  o.e.m.c.i.embedder.EclipseLogger - skip non existing resourceDirectory C:\Users\paone\eclipse-workspace\New_E2EProject\E2E_Maven_Project\src\test\resources
2021-01-09 19:55:41,723 [Worker-33: Building] INFO  o.e.m.c.i.embedder.EclipseLogger - Using 'UTF-8' encoding to copy filtered resources.
2021-01-09 19:55:41,723 [Worker-33: Building] INFO  o.e.m.c.i.embedder.EclipseLogger - skip non existing resourceDirectory C:\Users\paone\eclipse-workspace\New_E2EProject\E2E_Maven_Project\src\main\resources
2021-01-09 19:55:41,726 [Worker-33: Building] INFO  o.e.m.c.i.embedder.EclipseLogger - Using 'UTF-8' encoding to copy filtered resources.
2021-01-09 19:55:41,726 [Worker-33: Building] INFO  o.e.m.c.i.embedder.EclipseLogger - skip non existing resourceDirectory C:\Users\paone\eclipse-workspace\New_E2EProject\E2E_Maven_Project\src\test\resources
2021-01-09 20:00:24,816 [Worker-37: Building] INFO  o.e.m.c.i.embedder.EclipseLogger - Using 'UTF-8' encoding to copy filtered resources.
2021-01-09 20:00:24,816 [Worker-37: Building] INFO  o.e.m.c.i.embedder.EclipseLogger - skip non existing resourceDirectory C:\Users\paone\eclipse-workspace\New_E2EProject\E2E_Maven_Project\src\main\resources
2021-01-09 20:00:24,819 [Worker-37: Building] INFO  o.e.m.c.i.embedder.EclipseLogger - Using 'UTF-8' encoding to copy filtered resources.
2021-01-09 20:00:24,820 [Worker-37: Building] INFO  o.e.m.c.i.embedder.EclipseLogger - skip non existing resourceDirectory C:\Users\paone\eclipse-workspace\New_E2EProject\E2E_Maven_Project\src\test\resources
2021-01-09 20:33:57,444 [Worker-45: Building] INFO  o.e.m.c.i.embedder.EclipseLogger - Using 'UTF-8' encoding to copy filtered resources.
2021-01-09 20:33:57,444 [Worker-45: Building] INFO  o.e.m.c.i.embedder.EclipseLogger - skip non existing resourceDirectory C:\Users\paone\eclipse-workspace\New_E2EProject\E2E_Maven_Project\src\main\resources
2021-01-09 20:33:57,445 [Worker-45: Building] INFO  o.e.m.c.i.embedder.EclipseLogger - Using 'UTF-8' encoding to copy filtered resources.
2021-01-09 20:33:57,446 [Worker-45: Building] INFO  o.e.m.c.i.embedder.EclipseLogger - skip non existing resourceDirectory C:\Users\paone\eclipse-workspace\New_E2EProject\E2E_Maven_Project\src\test\resources
2021-01-09 20:37:28,430 [Worker-50: Building] INFO  o.e.m.c.i.embedder.EclipseLogger - Using 'UTF-8' encoding to copy filtered resources.
2021-01-09 20:37:28,431 [Worker-50: Building] INFO  o.e.m.c.i.embedder.EclipseLogger - skip non existing resourceDirectory C:\Users\paone\eclipse-workspace\New_E2EProject\E2E_Maven_Project\src\main\resources
2021-01-09 20:37:28,432 [Worker-50: Building] INFO  o.e.m.c.i.embedder.EclipseLogger - Using 'UTF-8' encoding to copy filtered resources.
2021-01-09 20:37:28,432 [Worker-50: Building] INFO  o.e.m.c.i.embedder.EclipseLogger - skip non existing resourceDirectory C:\Users\paone\eclipse-workspace\New_E2EProject\E2E_Maven_Project\src\test\resources
2021-01-09 20:41:45,818 [Worker-51: Building] INFO  o.e.m.c.i.embedder.EclipseLogger - Using 'UTF-8' encoding to copy filtered resources.
2021-01-09 20:41:45,819 [Worker-51: Building] INFO  o.e.m.c.i.embedder.EclipseLogger - skip non existing resourceDirectory C:\Users\paone\eclipse-workspace\New_E2EProject\E2E_Maven_Project\src\main\resources
2021-01-09 20:41:45,820 [Worker-51: Building] INFO  o.e.m.c.i.embedder.EclipseLogger - Using 'UTF-8' encoding to copy filtered resources.
2021-01-09 20:41:45,820 [Worker-51: Building] INFO  o.e.m.c.i.embedder.EclipseLogger - skip non existing resourceDirectory C:\Users\paone\eclipse-workspace\New_E2EProject\E2E_Maven_Project\src\test\resources
2021-01-09 20:42:09,631 [Worker-51: Building] INFO  o.e.m.c.i.embedder.EclipseLogger - Using 'UTF-8' encoding to copy filtered resources.
2021-01-09 20:42:09,632 [Worker-51: Building] INFO  o.e.m.c.i.embedder.EclipseLogger - skip non existing resourceDirectory C:\Users\paone\eclipse-workspace\New_E2EProject\E2E_Maven_Project\src\main\resources
2021-01-09 20:42:09,633 [Worker-51: Building] INFO  o.e.m.c.i.embedder.EclipseLogger - Using 'UTF-8' encoding to copy filtered resources.
2021-01-09 20:42:09,634 [Worker-51: Building] INFO  o.e.m.c.i.embedder.EclipseLogger - skip non existing resourceDirectory C:\Users\paone\eclipse-workspace\New_E2EProject\E2E_Maven_Project\src\test\resources
2021-01-09 20:42:36,763 [Worker-50: Building] INFO  o.e.m.c.i.embedder.EclipseLogger - Using 'UTF-8' encoding to copy filtered resources.
2021-01-09 20:42:36,764 [Worker-50: Building] INFO  o.e.m.c.i.embedder.EclipseLogger - skip non existing resourceDirectory C:\Users\paone\eclipse-workspace\New_E2EProject\E2E_Maven_Project\src\main\resources
2021-01-09 20:42:36,765 [Worker-50: Building] INFO  o.e.m.c.i.embedder.EclipseLogger - Using 'UTF-8' encoding to copy filtered resources.
2021-01-09 20:42:36,766 [Worker-50: Building] INFO  o.e.m.c.i.embedder.EclipseLogger - skip non existing resourceDirectory C:\Users\paone\eclipse-workspace\New_E2EProject\E2E_Maven_Project\src\test\resources
2021-01-09 20:43:27,149 [Worker-51: Building] INFO  o.e.m.c.i.embedder.EclipseLogger - Using 'UTF-8' encoding to copy filtered resources.
2021-01-09 20:43:27,149 [Worker-51: Building] INFO  o.e.m.c.i.embedder.EclipseLogger - skip non existing resourceDirectory C:\Users\paone\eclipse-workspace\New_E2EProject\E2E_Maven_Project\src\main\resources
2021-01-09 20:43:27,150 [Worker-51: Building] INFO  o.e.m.c.i.embedder.EclipseLogger - Using 'UTF-8' encoding to copy filtered resources.
2021-01-09 20:43:27,151 [Worker-51: Building] INFO  o.e.m.c.i.embedder.EclipseLogger - skip non existing resourceDirectory C:\Users\paone\eclipse-workspace\New_E2EProject\E2E_Maven_Project\src\test\resources
2021-01-09 20:43:41,516 [Worker-51: Building] INFO  o.e.m.c.i.embedder.EclipseLogger - Using 'UTF-8' encoding to copy filtered resources.
2021-01-09 20:43:41,517 [Worker-51: Building] INFO  o.e.m.c.i.embedder.EclipseLogger - skip non existing resourceDirectory C:\Users\paone\eclipse-workspace\New_E2EProject\E2E_Maven_Project\src\main\resources
2021-01-09 20:43:41,517 [Worker-51: Building] INFO  o.e.m.c.i.embedder.EclipseLogger - Using 'UTF-8' encoding to copy filtered resources.
2021-01-09 20:43:41,518 [Worker-51: Building] INFO  o.e.m.c.i.embedder.EclipseLogger - skip non existing resourceDirectory C:\Users\paone\eclipse-workspace\New_E2EProject\E2E_Maven_Project\src\test\resources
2021-01-09 20:43:52,977 [Worker-50: Building] INFO  o.e.m.c.i.embedder.EclipseLogger - Using 'UTF-8' encoding to copy filtered resources.
2021-01-09 20:43:52,977 [Worker-50: Building] INFO  o.e.m.c.i.embedder.EclipseLogger - skip non existing resourceDirectory C:\Users\paone\eclipse-workspace\New_E2EProject\E2E_Maven_Project\src\main\resources
2021-01-09 20:43:52,980 [Worker-50: Building] INFO  o.e.m.c.i.embedder.EclipseLogger - Using 'UTF-8' encoding to copy filtered resources.
2021-01-09 20:43:52,980 [Worker-50: Building] INFO  o.e.m.c.i.embedder.EclipseLogger - skip non existing resourceDirectory C:\Users\paone\eclipse-workspace\New_E2EProject\E2E_Maven_Project\src\test\resources
2021-01-09 20:44:44,075 [Worker-51: Building] INFO  o.e.m.c.i.embedder.EclipseLogger - Using 'UTF-8' encoding to copy filtered resources.
2021-01-09 20:44:44,076 [Worker-51: Building] INFO  o.e.m.c.i.embedder.EclipseLogger - skip non existing resourceDirectory C:\Users\paone\eclipse-workspace\New_E2EProject\E2E_Maven_Project\src\main\resources
2021-01-09 20:44:44,077 [Worker-51: Building] INFO  o.e.m.c.i.embedder.EclipseLogger - Using 'UTF-8' encoding to copy filtered resources.
2021-01-09 20:44:44,078 [Worker-51: Building] INFO  o.e.m.c.i.embedder.EclipseLogger - skip non existing resourceDirectory C:\Users\paone\eclipse-workspace\New_E2EProject\E2E_Maven_Project\src\test\resources
2021-01-09 20:57:57,697 [Worker-59: Building] INFO  o.e.m.c.i.embedder.EclipseLogger - Using 'UTF-8' encoding to copy filtered resources.
2021-01-09 20:57:57,697 [Worker-59: Building] INFO  o.e.m.c.i.embedder.EclipseLogger - skip non existing resourceDirectory C:\Users\paone\eclipse-workspace\New_E2EProject\E2E_Maven_Project\src\main\resources
2021-01-09 20:57:57,698 [Worker-59: Building] INFO  o.e.m.c.i.embedder.EclipseLogger - Using 'UTF-8' encoding to copy filtered resources.
2021-01-09 20:57:57,699 [Worker-59: Building] INFO  o.e.m.c.i.embedder.EclipseLogger - skip non existing resourceDirectory C:\Users\paone\eclipse-workspace\New_E2EProject\E2E_Maven_Project\src\test\resources
2021-01-09 21:04:34,282 [Worker-61: Building] INFO  o.e.m.c.i.embedder.EclipseLogger - Using 'UTF-8' encoding to copy filtered resources.
2021-01-09 21:04:34,282 [Worker-61: Building] INFO  o.e.m.c.i.embedder.EclipseLogger - skip non existing resourceDirectory C:\Users\paone\eclipse-workspace\New_E2EProject\E2E_Maven_Project\src\main\resources
2021-01-09 21:04:34,283 [Worker-61: Building] INFO  o.e.m.c.i.embedder.EclipseLogger - Using 'UTF-8' encoding to copy filtered resources.
2021-01-09 21:04:34,284 [Worker-61: Building] INFO  o.e.m.c.i.embedder.EclipseLogger - skip non existing resourceDirectory C:\Users\paone\eclipse-workspace\New_E2EProject\E2E_Maven_Project\src\test\resources
2021-01-09 21:06:23,513 [Worker-64: Building] INFO  o.e.m.c.i.embedder.EclipseLogger - Using 'UTF-8' encoding to copy filtered resources.
2021-01-09 21:06:23,514 [Worker-64: Building] INFO  o.e.m.c.i.embedder.EclipseLogger - skip non existing resourceDirectory C:\Users\paone\eclipse-workspace\New_E2EProject\E2E_Maven_Project\src\main\resources
2021-01-09 21:06:23,515 [Worker-64: Building] INFO  o.e.m.c.i.embedder.EclipseLogger - Using 'UTF-8' encoding to copy filtered resources.
2021-01-09 21:06:23,515 [Worker-64: Building] INFO  o.e.m.c.i.embedder.EclipseLogger - skip non existing resourceDirectory C:\Users\paone\eclipse-workspace\New_E2EProject\E2E_Maven_Project\src\test\resources
2021-01-09 21:18:58,682 [Worker-74: Building] INFO  o.e.m.c.i.embedder.EclipseLogger - Using 'UTF-8' encoding to copy filtered resources.
2021-01-09 21:18:58,682 [Worker-74: Building] INFO  o.e.m.c.i.embedder.EclipseLogger - skip non existing resourceDirectory C:\Users\paone\eclipse-workspace\New_E2EProject\E2E_Maven_Project\src\main\resources
2021-01-09 21:18:58,683 [Worker-74: Building] INFO  o.e.m.c.i.embedder.EclipseLogger - Using 'UTF-8' encoding to copy filtered resources.
2021-01-09 21:18:58,683 [Worker-74: Building] INFO  o.e.m.c.i.embedder.EclipseLogger - skip non existing resourceDirectory C:\Users\paone\eclipse-workspace\New_E2EProject\E2E_Maven_Project\src\test\resources
2021-01-09 21:28:40,895 [Worker-77: Building] INFO  o.e.m.c.i.embedder.EclipseLogger - Using 'UTF-8' encoding to copy filtered resources.
2021-01-09 21:28:40,896 [Worker-77: Building] INFO  o.e.m.c.i.embedder.EclipseLogger - skip non existing resourceDirectory C:\Users\paone\eclipse-workspace\New_E2EProject\E2E_Maven_Project\src\main\resources
2021-01-09 21:28:40,897 [Worker-77: Building] INFO  o.e.m.c.i.embedder.EclipseLogger - Using 'UTF-8' encoding to copy filtered resources.
2021-01-09 21:28:40,897 [Worker-77: Building] INFO  o.e.m.c.i.embedder.EclipseLogger - skip non existing resourceDirectory C:\Users\paone\eclipse-workspace\New_E2EProject\E2E_Maven_Project\src\test\resources
2021-01-09 21:29:02,860 [Worker-77: Building] INFO  o.e.m.c.i.embedder.EclipseLogger - Using 'UTF-8' encoding to copy filtered resources.
2021-01-09 21:29:02,861 [Worker-77: Building] INFO  o.e.m.c.i.embedder.EclipseLogger - skip non existing resourceDirectory C:\Users\paone\eclipse-workspace\New_E2EProject\E2E_Maven_Project\src\main\resources
2021-01-09 21:29:02,862 [Worker-77: Building] INFO  o.e.m.c.i.embedder.EclipseLogger - Using 'UTF-8' encoding to copy filtered resources.
2021-01-09 21:29:02,862 [Worker-77: Building] INFO  o.e.m.c.i.embedder.EclipseLogger - skip non existing resourceDirectory C:\Users\paone\eclipse-workspace\New_E2EProject\E2E_Maven_Project\src\test\resources
2021-01-09 21:29:18,066 [Worker-80: Building] INFO  o.e.m.c.i.embedder.EclipseLogger - Using 'UTF-8' encoding to copy filtered resources.
2021-01-09 21:29:18,067 [Worker-80: Building] INFO  o.e.m.c.i.embedder.EclipseLogger - skip non existing resourceDirectory C:\Users\paone\eclipse-workspace\New_E2EProject\E2E_Maven_Project\src\main\resources
2021-01-09 21:29:18,068 [Worker-80: Building] INFO  o.e.m.c.i.embedder.EclipseLogger - Using 'UTF-8' encoding to copy filtered resources.
2021-01-09 21:29:18,068 [Worker-80: Building] INFO  o.e.m.c.i.embedder.EclipseLogger - skip non existing resourceDirectory C:\Users\paone\eclipse-workspace\New_E2EProject\E2E_Maven_Project\src\test\resources
2021-01-09 21:33:17,909 [Worker-81: Building] INFO  o.e.m.c.i.embedder.EclipseLogger - Using 'UTF-8' encoding to copy filtered resources.
2021-01-09 21:33:17,910 [Worker-81: Building] INFO  o.e.m.c.i.embedder.EclipseLogger - skip non existing resourceDirectory C:\Users\paone\eclipse-workspace\New_E2EProject\E2E_Maven_Project\src\main\resources
2021-01-09 21:33:17,911 [Worker-81: Building] INFO  o.e.m.c.i.embedder.EclipseLogger - Using 'UTF-8' encoding to copy filtered resources.
2021-01-09 21:33:17,911 [Worker-81: Building] INFO  o.e.m.c.i.embedder.EclipseLogger - skip non existing resourceDirectory C:\Users\paone\eclipse-workspace\New_E2EProject\E2E_Maven_Project\src\test\resources
2021-01-09 21:33:35,948 [Worker-80: Building] INFO  o.e.m.c.i.embedder.EclipseLogger - Using 'UTF-8' encoding to copy filtered resources.
2021-01-09 21:33:35,949 [Worker-80: Building] INFO  o.e.m.c.i.embedder.EclipseLogger - skip non existing resourceDirectory C:\Users\paone\eclipse-workspace\New_E2EProject\E2E_Maven_Project\src\main\resources
2021-01-09 21:33:35,949 [Worker-80: Building] INFO  o.e.m.c.i.embedder.EclipseLogger - Using 'UTF-8' encoding to copy filtered resources.
2021-01-09 21:33:35,950 [Worker-80: Building] INFO  o.e.m.c.i.embedder.EclipseLogger - skip non existing resourceDirectory C:\Users\paone\eclipse-workspace\New_E2EProject\E2E_Maven_Project\src\test\resources
2021-01-09 21:37:09,664 [Worker-88: Building] INFO  o.e.m.c.i.embedder.EclipseLogger - Using 'UTF-8' encoding to copy filtered resources.
2021-01-09 21:37:09,664 [Worker-88: Building] INFO  o.e.m.c.i.embedder.EclipseLogger - skip non existing resourceDirectory C:\Users\paone\eclipse-workspace\New_E2EProject\E2E_Maven_Project\src\main\resources
2021-01-09 21:37:09,665 [Worker-88: Building] INFO  o.e.m.c.i.embedder.EclipseLogger - Using 'UTF-8' encoding to copy filtered resources.
2021-01-09 21:37:09,665 [Worker-88: Building] INFO  o.e.m.c.i.embedder.EclipseLogger - skip non existing resourceDirectory C:\Users\paone\eclipse-workspace\New_E2EProject\E2E_Maven_Project\src\test\resources
2021-01-09 21:37:53,895 [Worker-88: Building] INFO  o.e.m.c.i.embedder.EclipseLogger - Using 'UTF-8' encoding to copy filtered resources.
2021-01-09 21:37:53,896 [Worker-88: Building] INFO  o.e.m.c.i.embedder.EclipseLogger - skip non existing resourceDirectory C:\Users\paone\eclipse-workspace\New_E2EProject\E2E_Maven_Project\src\main\resources
2021-01-09 21:37:53,896 [Worker-88: Building] INFO  o.e.m.c.i.embedder.EclipseLogger - Using 'UTF-8' encoding to copy filtered resources.
2021-01-09 21:37:53,897 [Worker-88: Building] INFO  o.e.m.c.i.embedder.EclipseLogger - skip non existing resourceDirectory C:\Users\paone\eclipse-workspace\New_E2EProject\E2E_Maven_Project\src\test\resources
2021-01-09 21:38:34,137 [Worker-88: Building] INFO  o.e.m.c.i.embedder.EclipseLogger - Using 'UTF-8' encoding to copy filtered resources.
2021-01-09 21:38:34,137 [Worker-88: Building] INFO  o.e.m.c.i.embedder.EclipseLogger - skip non existing resourceDirectory C:\Users\paone\eclipse-workspace\New_E2EProject\E2E_Maven_Project\src\main\resources
2021-01-09 21:38:34,137 [Worker-88: Building] INFO  o.e.m.c.i.embedder.EclipseLogger - Using 'UTF-8' encoding to copy filtered resources.
2021-01-09 21:38:34,137 [Worker-88: Building] INFO  o.e.m.c.i.embedder.EclipseLogger - skip non existing resourceDirectory C:\Users\paone\eclipse-workspace\New_E2EProject\E2E_Maven_Project\src\test\resources
2021-01-09 21:38:47,974 [Worker-88: Building] INFO  o.e.m.c.i.embedder.EclipseLogger - Using 'UTF-8' encoding to copy filtered resources.
2021-01-09 21:38:47,974 [Worker-88: Building] INFO  o.e.m.c.i.embedder.EclipseLogger - skip non existing resourceDirectory C:\Users\paone\eclipse-workspace\New_E2EProject\E2E_Maven_Project\src\main\resources
2021-01-09 21:38:47,975 [Worker-88: Building] INFO  o.e.m.c.i.embedder.EclipseLogger - Using 'UTF-8' encoding to copy filtered resources.
2021-01-09 21:38:47,975 [Worker-88: Building] INFO  o.e.m.c.i.embedder.EclipseLogger - skip non existing resourceDirectory C:\Users\paone\eclipse-workspace\New_E2EProject\E2E_Maven_Project\src\test\resources
2021-01-09 21:40:10,154 [Worker-84: Building] INFO  o.e.m.c.i.embedder.EclipseLogger - Using 'UTF-8' encoding to copy filtered resources.
2021-01-09 21:40:10,154 [Worker-84: Building] INFO  o.e.m.c.i.embedder.EclipseLogger - skip non existing resourceDirectory C:\Users\paone\eclipse-workspace\New_E2EProject\E2E_Maven_Project\src\main\resources
2021-01-09 21:40:10,156 [Worker-84: Building] INFO  o.e.m.c.i.embedder.EclipseLogger - Using 'UTF-8' encoding to copy filtered resources.
2021-01-09 21:40:10,156 [Worker-84: Building] INFO  o.e.m.c.i.embedder.EclipseLogger - skip non existing resourceDirectory C:\Users\paone\eclipse-workspace\New_E2EProject\E2E_Maven_Project\src\test\resources
2021-01-09 21:42:30,886 [Worker-91: Building] INFO  o.e.m.c.i.embedder.EclipseLogger - Using 'UTF-8' encoding to copy filtered resources.
2021-01-09 21:42:30,886 [Worker-91: Building] INFO  o.e.m.c.i.embedder.EclipseLogger - skip non existing resourceDirectory C:\Users\paone\eclipse-workspace\New_E2EProject\E2E_Maven_Project\src\main\resources
2021-01-09 21:42:30,887 [Worker-91: Building] INFO  o.e.m.c.i.embedder.EclipseLogger - Using 'UTF-8' encoding to copy filtered resources.
2021-01-09 21:42:30,888 [Worker-91: Building] INFO  o.e.m.c.i.embedder.EclipseLogger - skip non existing resourceDirectory C:\Users\paone\eclipse-workspace\New_E2EProject\E2E_Maven_Project\src\test\resources
2021-01-09 21:46:12,028 [Worker-87: Building] INFO  o.e.m.c.i.embedder.EclipseLogger - Using 'UTF-8' encoding to copy filtered resources.
2021-01-09 21:46:12,028 [Worker-87: Building] INFO  o.e.m.c.i.embedder.EclipseLogger - skip non existing resourceDirectory C:\Users\paone\eclipse-workspace\New_E2EProject\E2E_Maven_Project\src\main\resources
2021-01-09 21:46:12,030 [Worker-87: Building] INFO  o.e.m.c.i.embedder.EclipseLogger - Using 'UTF-8' encoding to copy filtered resources.
2021-01-09 21:46:12,031 [Worker-87: Building] INFO  o.e.m.c.i.embedder.EclipseLogger - skip non existing resourceDirectory C:\Users\paone\eclipse-workspace\New_E2EProject\E2E_Maven_Project\src\test\resources
2021-01-09 21:49:41,689 [Worker-99: Building] INFO  o.e.m.c.i.embedder.EclipseLogger - Using 'UTF-8' encoding to copy filtered resources.
2021-01-09 21:49:41,689 [Worker-99: Building] INFO  o.e.m.c.i.embedder.EclipseLogger - skip non existing resourceDirectory C:\Users\paone\eclipse-workspace\New_E2EProject\E2E_Maven_Project\src\main\resources
2021-01-09 21:49:41,690 [Worker-99: Building] INFO  o.e.m.c.i.embedder.EclipseLogger - Using 'UTF-8' encoding to copy filtered resources.
2021-01-09 21:49:41,690 [Worker-99: Building] INFO  o.e.m.c.i.embedder.EclipseLogger - skip non existing resourceDirectory C:\Users\paone\eclipse-workspace\New_E2EProject\E2E_Maven_Project\src\test\resources
2021-01-09 21:50:31,161 [Worker-95: Building] INFO  o.e.m.c.i.embedder.EclipseLogger - Using 'UTF-8' encoding to copy filtered resources.
2021-01-09 21:50:31,162 [Worker-95: Building] INFO  o.e.m.c.i.embedder.EclipseLogger - skip non existing resourceDirectory C:\Users\paone\eclipse-workspace\New_E2EProject\E2E_Maven_Project\src\main\resources
2021-01-09 21:50:31,163 [Worker-95: Building] INFO  o.e.m.c.i.embedder.EclipseLogger - Using 'UTF-8' encoding to copy filtered resources.
2021-01-09 21:50:31,163 [Worker-95: Building] INFO  o.e.m.c.i.embedder.EclipseLogger - skip non existing resourceDirectory C:\Users\paone\eclipse-workspace\New_E2EProject\E2E_Maven_Project\src\test\resources
2021-01-09 21:58:57,570 [Worker-101: Building] INFO  o.e.m.c.i.l.LifecycleMappingFactory - Using org.eclipse.m2e.jdt.JarLifecycleMapping lifecycle mapping for MavenProject: PavanAcademy:E2E_Maven_Project:0.0.1-SNAPSHOT @ C:\Users\paone\eclipse-workspace\New_E2EProject\E2E_Maven_Project\pom.xml.
2021-01-09 21:58:57,873 [Worker-101: Building] INFO  o.e.m.c.i.embedder.EclipseLogger - Using 'UTF-8' encoding to copy filtered resources.
2021-01-09 21:58:57,873 [Worker-101: Building] INFO  o.e.m.c.i.embedder.EclipseLogger - skip non existing resourceDirectory C:\Users\paone\eclipse-workspace\New_E2EProject\E2E_Maven_Project\src\main\resources
2021-01-09 21:58:57,875 [Worker-101: Building] INFO  o.e.m.c.i.embedder.EclipseLogger - Using 'UTF-8' encoding to copy filtered resources.
2021-01-09 21:58:57,875 [Worker-101: Building] INFO  o.e.m.c.i.embedder.EclipseLogger - skip non existing resourceDirectory C:\Users\paone\eclipse-workspace\New_E2EProject\E2E_Maven_Project\src\test\resources
2021-01-09 22:07:59,672 [Worker-104: Building] INFO  o.e.m.c.i.embedder.EclipseLogger - Using 'UTF-8' encoding to copy filtered resources.
2021-01-09 22:07:59,673 [Worker-104: Building] INFO  o.e.m.c.i.embedder.EclipseLogger - skip non existing resourceDirectory C:\Users\paone\eclipse-workspace\New_E2EProject\E2E_Maven_Project\src\main\resources
2021-01-09 22:07:59,674 [Worker-104: Building] INFO  o.e.m.c.i.embedder.EclipseLogger - Using 'UTF-8' encoding to copy filtered resources.
2021-01-09 22:07:59,674 [Worker-104: Building] INFO  o.e.m.c.i.embedder.EclipseLogger - skip non existing resourceDirectory C:\Users\paone\eclipse-workspace\New_E2EProject\E2E_Maven_Project\src\test\resources
2021-01-09 22:08:00,695 [Worker-104: Building] INFO  o.e.m.c.i.embedder.EclipseLogger - Using 'UTF-8' encoding to copy filtered resources.
2021-01-09 22:08:00,695 [Worker-104: Building] INFO  o.e.m.c.i.embedder.EclipseLogger - skip non existing resourceDirectory C:\Users\paone\eclipse-workspace\New_E2EProject\E2E_Maven_Project\src\main\resources
2021-01-09 22:08:00,696 [Worker-104: Building] INFO  o.e.m.c.i.embedder.EclipseLogger - Using 'UTF-8' encoding to copy filtered resources.
2021-01-09 22:08:00,696 [Worker-104: Building] INFO  o.e.m.c.i.embedder.EclipseLogger - skip non existing resourceDirectory C:\Users\paone\eclipse-workspace\New_E2EProject\E2E_Maven_Project\src\test\resources
2021-01-09 22:08:25,633 [Worker-104: Building] INFO  o.e.m.c.i.embedder.EclipseLogger - Using 'UTF-8' encoding to copy filtered resources.
2021-01-09 22:08:25,634 [Worker-104: Building] INFO  o.e.m.c.i.embedder.EclipseLogger - skip non existing resourceDirectory C:\Users\paone\eclipse-workspace\New_E2EProject\E2E_Maven_Project\src\main\resources
2021-01-09 22:08:25,635 [Worker-104: Building] INFO  o.e.m.c.i.embedder.EclipseLogger - Using 'UTF-8' encoding to copy filtered resources.
2021-01-09 22:08:25,641 [Worker-104: Building] INFO  o.e.m.c.i.embedder.EclipseLogger - skip non existing resourceDirectory C:\Users\paone\eclipse-workspace\New_E2EProject\E2E_Maven_Project\src\test\resources
2021-01-09 22:14:35,321 [Worker-107: Building] INFO  o.e.m.c.i.l.LifecycleMappingFactory - Using org.eclipse.m2e.jdt.JarLifecycleMapping lifecycle mapping for MavenProject: PavanAcademy:E2E_Maven_Project:0.0.1-SNAPSHOT @ C:\Users\paone\eclipse-workspace\New_E2EProject\E2E_Maven_Project\pom.xml.
2021-01-09 22:14:35,561 [Worker-107: Building] INFO  o.e.m.c.i.embedder.EclipseLogger - Using 'UTF-8' encoding to copy filtered resources.
2021-01-09 22:14:35,561 [Worker-107: Building] INFO  o.e.m.c.i.embedder.EclipseLogger - skip non existing resourceDirectory C:\Users\paone\eclipse-workspace\New_E2EProject\E2E_Maven_Project\src\main\resources
2021-01-09 22:14:35,563 [Worker-107: Building] INFO  o.e.m.c.i.embedder.EclipseLogger - Using 'UTF-8' encoding to copy filtered resources.
2021-01-09 22:14:35,563 [Worker-107: Building] INFO  o.e.m.c.i.embedder.EclipseLogger - skip non existing resourceDirectory C:\Users\paone\eclipse-workspace\New_E2EProject\E2E_Maven_Project\src\test\resources
2021-01-09 22:14:36,798 [Worker-107: Building] INFO  o.e.m.c.i.embedder.EclipseLogger - Using 'UTF-8' encoding to copy filtered resources.
2021-01-09 22:14:36,798 [Worker-107: Building] INFO  o.e.m.c.i.embedder.EclipseLogger - skip non existing resourceDirectory C:\Users\paone\eclipse-workspace\New_E2EProject\E2E_Maven_Project\src\main\resources
2021-01-09 22:14:36,799 [Worker-107: Building] INFO  o.e.m.c.i.embedder.EclipseLogger - Using 'UTF-8' encoding to copy filtered resources.
2021-01-09 22:14:36,799 [Worker-107: Building] INFO  o.e.m.c.i.embedder.EclipseLogger - skip non existing resourceDirectory C:\Users\paone\eclipse-workspace\New_E2EProject\E2E_Maven_Project\src\test\resources
2021-01-09 22:16:07,976 [Worker-110: Building] INFO  o.e.m.c.i.embedder.EclipseLogger - Using 'UTF-8' encoding to copy filtered resources.
2021-01-09 22:16:07,976 [Worker-110: Building] INFO  o.e.m.c.i.embedder.EclipseLogger - skip non existing resourceDirectory C:\Users\paone\eclipse-workspace\New_E2EProject\E2E_Maven_Project\src\main\resources
2021-01-09 22:16:07,977 [Worker-110: Building] INFO  o.e.m.c.i.embedder.EclipseLogger - Using 'UTF-8' encoding to copy filtered resources.
2021-01-09 22:16:07,977 [Worker-110: Building] INFO  o.e.m.c.i.embedder.EclipseLogger - skip non existing resourceDirectory C:\Users\paone\eclipse-workspace\New_E2EProject\E2E_Maven_Project\src\test\resources
2021-01-09 22:21:56,224 [Worker-112: Building] INFO  o.e.m.c.i.embedder.EclipseLogger - Using 'UTF-8' encoding to copy filtered resources.
2021-01-09 22:21:56,224 [Worker-112: Building] INFO  o.e.m.c.i.embedder.EclipseLogger - skip non existing resourceDirectory C:\Users\paone\eclipse-workspace\New_E2EProject\E2E_Maven_Project\src\main\resources
2021-01-09 22:21:56,225 [Worker-112: Building] INFO  o.e.m.c.i.embedder.EclipseLogger - Using 'UTF-8' encoding to copy filtered resources.
2021-01-09 22:21:56,225 [Worker-112: Building] INFO  o.e.m.c.i.embedder.EclipseLogger - skip non existing resourceDirectory C:\Users\paone\eclipse-workspace\New_E2EProject\E2E_Maven_Project\src\test\resources
2021-01-09 22:22:22,060 [Worker-114: Building] INFO  o.e.m.c.i.embedder.EclipseLogger - Using 'UTF-8' encoding to copy filtered resources.
2021-01-09 22:22:22,061 [Worker-114: Building] INFO  o.e.m.c.i.embedder.EclipseLogger - skip non existing resourceDirectory C:\Users\paone\eclipse-workspace\New_E2EProject\E2E_Maven_Project\src\main\resources
2021-01-09 22:22:22,061 [Worker-114: Building] INFO  o.e.m.c.i.embedder.EclipseLogger - Using 'UTF-8' encoding to copy filtered resources.
2021-01-09 22:22:22,062 [Worker-114: Building] INFO  o.e.m.c.i.embedder.EclipseLogger - skip non existing resourceDirectory C:\Users\paone\eclipse-workspace\New_E2EProject\E2E_Maven_Project\src\test\resources
2021-01-09 22:27:49,773 [Worker-117: Building] INFO  o.e.m.c.i.l.LifecycleMappingFactory - Using org.eclipse.m2e.jdt.JarLifecycleMapping lifecycle mapping for MavenProject: PavanAcademy:E2E_Maven_Project:0.0.1-SNAPSHOT @ C:\Users\paone\eclipse-workspace\New_E2EProject\E2E_Maven_Project\pom.xml.
2021-01-09 22:27:49,950 [Worker-117: Building] INFO  o.e.m.c.i.embedder.EclipseLogger - Using 'UTF-8' encoding to copy filtered resources.
2021-01-09 22:27:49,950 [Worker-117: Building] INFO  o.e.m.c.i.embedder.EclipseLogger - skip non existing resourceDirectory C:\Users\paone\eclipse-workspace\New_E2EProject\E2E_Maven_Project\src\main\resources
2021-01-09 22:27:49,952 [Worker-117: Building] INFO  o.e.m.c.i.embedder.EclipseLogger - Using 'UTF-8' encoding to copy filtered resources.
2021-01-09 22:27:49,952 [Worker-117: Building] INFO  o.e.m.c.i.embedder.EclipseLogger - skip non existing resourceDirectory C:\Users\paone\eclipse-workspace\New_E2EProject\E2E_Maven_Project\src\test\resources
2021-01-09 22:31:06,419 [Worker-116: Building] INFO  o.e.m.c.i.embedder.EclipseLogger - Using 'UTF-8' encoding to copy filtered resources.
2021-01-09 22:31:06,419 [Worker-116: Building] INFO  o.e.m.c.i.embedder.EclipseLogger - skip non existing resourceDirectory C:\Users\paone\eclipse-workspace\New_E2EProject\E2E_Maven_Project\src\main\resources
2021-01-09 22:31:06,420 [Worker-116: Building] INFO  o.e.m.c.i.embedder.EclipseLogger - Using 'UTF-8' encoding to copy filtered resources.
2021-01-09 22:31:06,420 [Worker-116: Building] INFO  o.e.m.c.i.embedder.EclipseLogger - skip non existing resourceDirectory C:\Users\paone\eclipse-workspace\New_E2EProject\E2E_Maven_Project\src\test\resources
2021-01-09 22:32:09,446 [Worker-120: Building] INFO  o.e.m.c.i.embedder.EclipseLogger - Using 'UTF-8' encoding to copy filtered resources.
2021-01-09 22:32:09,446 [Worker-120: Building] INFO  o.e.m.c.i.embedder.EclipseLogger - skip non existing resourceDirectory C:\Users\paone\eclipse-workspace\New_E2EProject\E2E_Maven_Project\src\main\resources
2021-01-09 22:32:09,447 [Worker-120: Building] INFO  o.e.m.c.i.embedder.EclipseLogger - Using 'UTF-8' encoding to copy filtered resources.
2021-01-09 22:32:09,447 [Worker-120: Building] INFO  o.e.m.c.i.embedder.EclipseLogger - skip non existing resourceDirectory C:\Users\paone\eclipse-workspace\New_E2EProject\E2E_Maven_Project\src\test\resources
2021-01-09 22:32:35,516 [Worker-118: Building] INFO  o.e.m.c.i.embedder.EclipseLogger - Using 'UTF-8' encoding to copy filtered resources.
2021-01-09 22:32:35,517 [Worker-118: Building] INFO  o.e.m.c.i.embedder.EclipseLogger - skip non existing resourceDirectory C:\Users\paone\eclipse-workspace\New_E2EProject\E2E_Maven_Project\src\main\resources
2021-01-09 22:32:35,517 [Worker-118: Building] INFO  o.e.m.c.i.embedder.EclipseLogger - Using 'UTF-8' encoding to copy filtered resources.
2021-01-09 22:32:35,518 [Worker-118: Building] INFO  o.e.m.c.i.embedder.EclipseLogger - skip non existing resourceDirectory C:\Users\paone\eclipse-workspace\New_E2EProject\E2E_Maven_Project\src\test\resources
2021-01-09 22:35:02,878 [Worker-115: Building] INFO  o.e.m.c.i.embedder.EclipseLogger - Using 'UTF-8' encoding to copy filtered resources.
2021-01-09 22:35:02,879 [Worker-115: Building] INFO  o.e.m.c.i.embedder.EclipseLogger - skip non existing resourceDirectory C:\Users\paone\eclipse-workspace\New_E2EProject\E2E_Maven_Project\src\main\resources
2021-01-09 22:35:02,880 [Worker-115: Building] INFO  o.e.m.c.i.embedder.EclipseLogger - Using 'UTF-8' encoding to copy filtered resources.
2021-01-09 22:35:02,881 [Worker-115: Building] INFO  o.e.m.c.i.embedder.EclipseLogger - skip non existing resourceDirectory C:\Users\paone\eclipse-workspace\New_E2EProject\E2E_Maven_Project\src\test\resources
2021-01-09 22:35:31,816 [Worker-115: Building] INFO  o.e.m.c.i.embedder.EclipseLogger - Using 'UTF-8' encoding to copy filtered resources.
2021-01-09 22:35:31,817 [Worker-115: Building] INFO  o.e.m.c.i.embedder.EclipseLogger - skip non existing resourceDirectory C:\Users\paone\eclipse-workspace\New_E2EProject\E2E_Maven_Project\src\main\resources
2021-01-09 22:35:31,818 [Worker-115: Building] INFO  o.e.m.c.i.embedder.EclipseLogger - Using 'UTF-8' encoding to copy filtered resources.
2021-01-09 22:35:31,818 [Worker-115: Building] INFO  o.e.m.c.i.embedder.EclipseLogger - skip non existing resourceDirectory C:\Users\paone\eclipse-workspace\New_E2EProject\E2E_Maven_Project\src\test\resources
2021-01-09 22:38:43,450 [Worker-121: Building] INFO  o.e.m.c.i.l.LifecycleMappingFactory - Using org.eclipse.m2e.jdt.JarLifecycleMapping lifecycle mapping for MavenProject: PavanAcademy:E2E_Maven_Project:0.0.1-SNAPSHOT @ C:\Users\paone\eclipse-workspace\New_E2EProject\E2E_Maven_Project\pom.xml.
2021-01-09 22:38:43,702 [Worker-121: Building] INFO  o.e.m.c.i.embedder.EclipseLogger - Using 'UTF-8' encoding to copy filtered resources.
2021-01-09 22:38:43,703 [Worker-121: Building] INFO  o.e.m.c.i.embedder.EclipseLogger - skip non existing resourceDirectory C:\Users\paone\eclipse-workspace\New_E2EProject\E2E_Maven_Project\src\main\resources
2021-01-09 22:38:43,704 [Worker-121: Building] INFO  o.e.m.c.i.embedder.EclipseLogger - Using 'UTF-8' encoding to copy filtered resources.
2021-01-09 22:38:43,704 [Worker-121: Building] INFO  o.e.m.c.i.embedder.EclipseLogger - skip non existing resourceDirectory C:\Users\paone\eclipse-workspace\New_E2EProject\E2E_Maven_Project\src\test\resources
2021-01-09 22:40:43,214 [Worker-122: Building] INFO  o.e.m.c.i.embedder.EclipseLogger - Using 'UTF-8' encoding to copy filtered resources.
2021-01-09 22:40:43,215 [Worker-122: Building] INFO  o.e.m.c.i.embedder.EclipseLogger - skip non existing resourceDirectory C:\Users\paone\eclipse-workspace\New_E2EProject\E2E_Maven_Project\src\main\resources
2021-01-09 22:40:43,216 [Worker-122: Building] INFO  o.e.m.c.i.embedder.EclipseLogger - Using 'UTF-8' encoding to copy filtered resources.
2021-01-09 22:40:43,216 [Worker-122: Building] INFO  o.e.m.c.i.embedder.EclipseLogger - skip non existing resourceDirectory C:\Users\paone\eclipse-workspace\New_E2EProject\E2E_Maven_Project\src\test\resources
2021-01-09 23:19:09,801 [Worker-128: Building] INFO  o.e.m.c.i.embedder.EclipseLogger - Using 'UTF-8' encoding to copy filtered resources.
2021-01-09 23:19:09,803 [Worker-128: Building] INFO  o.e.m.c.i.embedder.EclipseLogger - skip non existing resourceDirectory C:\Users\paone\eclipse-workspace\New_E2EProject\E2E_Maven_Project\src\main\resources
2021-01-09 23:19:09,804 [Worker-128: Building] INFO  o.e.m.c.i.embedder.EclipseLogger - Using 'UTF-8' encoding to copy filtered resources.
2021-01-09 23:19:09,804 [Worker-128: Building] INFO  o.e.m.c.i.embedder.EclipseLogger - skip non existing resourceDirectory C:\Users\paone\eclipse-workspace\New_E2EProject\E2E_Maven_Project\src\test\resources
2021-01-09 23:19:28,616 [Worker-125: Building] INFO  o.e.m.c.i.embedder.EclipseLogger - Using 'UTF-8' encoding to copy filtered resources.
2021-01-09 23:19:28,616 [Worker-125: Building] INFO  o.e.m.c.i.embedder.EclipseLogger - skip non existing resourceDirectory C:\Users\paone\eclipse-workspace\New_E2EProject\E2E_Maven_Project\src\main\resources
2021-01-09 23:19:28,619 [Worker-125: Building] INFO  o.e.m.c.i.embedder.EclipseLogger - Using 'UTF-8' encoding to copy filtered resources.
2021-01-09 23:19:28,619 [Worker-125: Building] INFO  o.e.m.c.i.embedder.EclipseLogger - skip non existing resourceDirectory C:\Users\paone\eclipse-workspace\New_E2EProject\E2E_Maven_Project\src\test\resources
2021-01-09 23:19:38,317 [Worker-124: Building] INFO  o.e.m.c.i.embedder.EclipseLogger - Using 'UTF-8' encoding to copy filtered resources.
2021-01-09 23:19:38,317 [Worker-124: Building] INFO  o.e.m.c.i.embedder.EclipseLogger - skip non existing resourceDirectory C:\Users\paone\eclipse-workspace\New_E2EProject\E2E_Maven_Project\src\main\resources
2021-01-09 23:19:38,318 [Worker-124: Building] INFO  o.e.m.c.i.embedder.EclipseLogger - Using 'UTF-8' encoding to copy filtered resources.
2021-01-09 23:19:38,318 [Worker-124: Building] INFO  o.e.m.c.i.embedder.EclipseLogger - skip non existing resourceDirectory C:\Users\paone\eclipse-workspace\New_E2EProject\E2E_Maven_Project\src\test\resources
2021-01-09 23:21:33,019 [Worker-128: Building] INFO  o.e.m.c.i.embedder.EclipseLogger - Using 'UTF-8' encoding to copy filtered resources.
2021-01-09 23:21:33,020 [Worker-128: Building] INFO  o.e.m.c.i.embedder.EclipseLogger - skip non existing resourceDirectory C:\Users\paone\eclipse-workspace\New_E2EProject\E2E_Maven_Project\src\main\resources
2021-01-09 23:21:33,023 [Worker-128: Building] INFO  o.e.m.c.i.embedder.EclipseLogger - Using 'UTF-8' encoding to copy filtered resources.
2021-01-09 23:21:33,023 [Worker-128: Building] INFO  o.e.m.c.i.embedder.EclipseLogger - skip non existing resourceDirectory C:\Users\paone\eclipse-workspace\New_E2EProject\E2E_Maven_Project\src\test\resources
2021-01-09 23:21:42,483 [Worker-127: Building] INFO  o.e.m.c.i.embedder.EclipseLogger - Using 'UTF-8' encoding to copy filtered resources.
2021-01-09 23:21:42,483 [Worker-127: Building] INFO  o.e.m.c.i.embedder.EclipseLogger - skip non existing resourceDirectory C:\Users\paone\eclipse-workspace\New_E2EProject\E2E_Maven_Project\src\main\resources
2021-01-09 23:21:42,487 [Worker-127: Building] INFO  o.e.m.c.i.embedder.EclipseLogger - Using 'UTF-8' encoding to copy filtered resources.
2021-01-09 23:21:42,487 [Worker-127: Building] INFO  o.e.m.c.i.embedder.EclipseLogger - skip non existing resourceDirectory C:\Users\paone\eclipse-workspace\New_E2EProject\E2E_Maven_Project\src\test\resources
2021-01-09 23:27:12,434 [Worker-128: Building] INFO  o.e.m.c.i.embedder.EclipseLogger - Using 'UTF-8' encoding to copy filtered resources.
2021-01-09 23:27:12,435 [Worker-128: Building] INFO  o.e.m.c.i.embedder.EclipseLogger - skip non existing resourceDirectory C:\Users\paone\eclipse-workspace\New_E2EProject\E2E_Maven_Project\src\main\resources
2021-01-09 23:27:12,438 [Worker-128: Building] INFO  o.e.m.c.i.embedder.EclipseLogger - Using 'UTF-8' encoding to copy filtered resources.
2021-01-09 23:27:12,438 [Worker-128: Building] INFO  o.e.m.c.i.embedder.EclipseLogger - skip non existing resourceDirectory C:\Users\paone\eclipse-workspace\New_E2EProject\E2E_Maven_Project\src\test\resources
2021-01-09 23:28:41,411 [Worker-129: Building] INFO  o.e.m.c.i.embedder.EclipseLogger - Using 'UTF-8' encoding to copy filtered resources.
2021-01-09 23:28:41,412 [Worker-129: Building] INFO  o.e.m.c.i.embedder.EclipseLogger - skip non existing resourceDirectory C:\Users\paone\eclipse-workspace\New_E2EProject\E2E_Maven_Project\src\main\resources
2021-01-09 23:28:41,414 [Worker-129: Building] INFO  o.e.m.c.i.embedder.EclipseLogger - Using 'UTF-8' encoding to copy filtered resources.
2021-01-09 23:28:41,414 [Worker-129: Building] INFO  o.e.m.c.i.embedder.EclipseLogger - skip non existing resourceDirectory C:\Users\paone\eclipse-workspace\New_E2EProject\E2E_Maven_Project\src\test\resources
2021-01-09 23:29:08,529 [Worker-129: Building] INFO  o.e.m.c.i.embedder.EclipseLogger - Using 'UTF-8' encoding to copy filtered resources.
2021-01-09 23:29:08,530 [Worker-129: Building] INFO  o.e.m.c.i.embedder.EclipseLogger - skip non existing resourceDirectory C:\Users\paone\eclipse-workspace\New_E2EProject\E2E_Maven_Project\src\main\resources
2021-01-09 23:29:08,531 [Worker-129: Building] INFO  o.e.m.c.i.embedder.EclipseLogger - Using 'UTF-8' encoding to copy filtered resources.
2021-01-09 23:29:08,532 [Worker-129: Building] INFO  o.e.m.c.i.embedder.EclipseLogger - skip non existing resourceDirectory C:\Users\paone\eclipse-workspace\New_E2EProject\E2E_Maven_Project\src\test\resources
2021-01-09 23:34:03,348 [Worker-129: Building] INFO  o.e.m.c.i.l.LifecycleMappingFactory - Using org.eclipse.m2e.jdt.JarLifecycleMapping lifecycle mapping for MavenProject: PavanAcademy:E2E_Maven_Project:0.0.1-SNAPSHOT @ C:\Users\paone\eclipse-workspace\New_E2EProject\E2E_Maven_Project\pom.xml.
2021-01-09 23:34:03,684 [Worker-129: Building] INFO  o.e.m.c.i.embedder.EclipseLogger - Using 'UTF-8' encoding to copy filtered resources.
2021-01-09 23:34:03,684 [Worker-129: Building] INFO  o.e.m.c.i.embedder.EclipseLogger - skip non existing resourceDirectory C:\Users\paone\eclipse-workspace\New_E2EProject\E2E_Maven_Project\src\main\resources
2021-01-09 23:34:03,686 [Worker-129: Building] INFO  o.e.m.c.i.embedder.EclipseLogger - Using 'UTF-8' encoding to copy filtered resources.
2021-01-09 23:34:03,686 [Worker-129: Building] INFO  o.e.m.c.i.embedder.EclipseLogger - skip non existing resourceDirectory C:\Users\paone\eclipse-workspace\New_E2EProject\E2E_Maven_Project\src\test\resources
2021-01-09 23:34:05,059 [Worker-129: Building] INFO  o.e.m.c.i.embedder.EclipseLogger - Using 'UTF-8' encoding to copy filtered resources.
2021-01-09 23:34:05,059 [Worker-129: Building] INFO  o.e.m.c.i.embedder.EclipseLogger - skip non existing resourceDirectory C:\Users\paone\eclipse-workspace\New_E2EProject\E2E_Maven_Project\src\main\resources
2021-01-09 23:34:05,060 [Worker-129: Building] INFO  o.e.m.c.i.embedder.EclipseLogger - Using 'UTF-8' encoding to copy filtered resources.
2021-01-09 23:34:05,060 [Worker-129: Building] INFO  o.e.m.c.i.embedder.EclipseLogger - skip non existing resourceDirectory C:\Users\paone\eclipse-workspace\New_E2EProject\E2E_Maven_Project\src\test\resources
2021-01-09 23:34:18,014 [Worker-129: Building] INFO  o.e.m.c.i.l.LifecycleMappingFactory - Using org.eclipse.m2e.jdt.JarLifecycleMapping lifecycle mapping for MavenProject: PavanAcademy:E2E_Maven_Project:0.0.1-SNAPSHOT @ C:\Users\paone\eclipse-workspace\New_E2EProject\E2E_Maven_Project\pom.xml.
2021-01-09 23:34:18,269 [Worker-129: Building] INFO  o.e.m.c.i.embedder.EclipseLogger - Using 'UTF-8' encoding to copy filtered resources.
2021-01-09 23:34:18,269 [Worker-129: Building] INFO  o.e.m.c.i.embedder.EclipseLogger - skip non existing resourceDirectory C:\Users\paone\eclipse-workspace\New_E2EProject\E2E_Maven_Project\src\main\resources
2021-01-09 23:34:18,271 [Worker-129: Building] INFO  o.e.m.c.i.embedder.EclipseLogger - Using 'UTF-8' encoding to copy filtered resources.
2021-01-09 23:34:18,271 [Worker-129: Building] INFO  o.e.m.c.i.embedder.EclipseLogger - skip non existing resourceDirectory C:\Users\paone\eclipse-workspace\New_E2EProject\E2E_Maven_Project\src\test\resources
2021-01-09 23:38:09,175 [Worker-138: Building] INFO  o.e.m.c.i.embedder.EclipseLogger - Using 'UTF-8' encoding to copy filtered resources.
2021-01-09 23:38:09,176 [Worker-138: Building] INFO  o.e.m.c.i.embedder.EclipseLogger - skip non existing resourceDirectory C:\Users\paone\eclipse-workspace\New_E2EProject\E2E_Maven_Project\src\main\resources
2021-01-09 23:38:09,177 [Worker-138: Building] INFO  o.e.m.c.i.embedder.EclipseLogger - Using 'UTF-8' encoding to copy filtered resources.
2021-01-09 23:38:09,177 [Worker-138: Building] INFO  o.e.m.c.i.embedder.EclipseLogger - skip non existing resourceDirectory C:\Users\paone\eclipse-workspace\New_E2EProject\E2E_Maven_Project\src\test\resources
2021-01-09 23:40:20,096 [Worker-138: Building] INFO  o.e.m.c.i.embedder.EclipseLogger - Using 'UTF-8' encoding to copy filtered resources.
2021-01-09 23:40:20,096 [Worker-138: Building] INFO  o.e.m.c.i.embedder.EclipseLogger - skip non existing resourceDirectory C:\Users\paone\eclipse-workspace\New_E2EProject\E2E_Maven_Project\src\main\resources
2021-01-09 23:40:20,096 [Worker-138: Building] INFO  o.e.m.c.i.embedder.EclipseLogger - Using 'UTF-8' encoding to copy filtered resources.
2021-01-09 23:40:20,096 [Worker-138: Building] INFO  o.e.m.c.i.embedder.EclipseLogger - skip non existing resourceDirectory C:\Users\paone\eclipse-workspace\New_E2EProject\E2E_Maven_Project\src\test\resources
2021-01-09 23:41:25,772 [Worker-140: Building] INFO  o.e.m.c.i.embedder.EclipseLogger - Using 'UTF-8' encoding to copy filtered resources.
2021-01-09 23:41:25,772 [Worker-140: Building] INFO  o.e.m.c.i.embedder.EclipseLogger - skip non existing resourceDirectory C:\Users\paone\eclipse-workspace\New_E2EProject\E2E_Maven_Project\src\main\resources
2021-01-09 23:41:25,773 [Worker-140: Building] INFO  o.e.m.c.i.embedder.EclipseLogger - Using 'UTF-8' encoding to copy filtered resources.
2021-01-09 23:41:25,773 [Worker-140: Building] INFO  o.e.m.c.i.embedder.EclipseLogger - skip non existing resourceDirectory C:\Users\paone\eclipse-workspace\New_E2EProject\E2E_Maven_Project\src\test\resources
2021-01-09 23:41:43,482 [Worker-140: Building] INFO  o.e.m.c.i.embedder.EclipseLogger - Using 'UTF-8' encoding to copy filtered resources.
2021-01-09 23:41:43,482 [Worker-140: Building] INFO  o.e.m.c.i.embedder.EclipseLogger - skip non existing resourceDirectory C:\Users\paone\eclipse-workspace\New_E2EProject\E2E_Maven_Project\src\main\resources
2021-01-09 23:41:43,482 [Worker-140: Building] INFO  o.e.m.c.i.embedder.EclipseLogger - Using 'UTF-8' encoding to copy filtered resources.
2021-01-09 23:41:43,482 [Worker-140: Building] INFO  o.e.m.c.i.embedder.EclipseLogger - skip non existing resourceDirectory C:\Users\paone\eclipse-workspace\New_E2EProject\E2E_Maven_Project\src\test\resources
2021-01-09 23:42:24,265 [Worker-140: Building] INFO  o.e.m.c.i.embedder.EclipseLogger - Using 'UTF-8' encoding to copy filtered resources.
2021-01-09 23:42:24,265 [Worker-140: Building] INFO  o.e.m.c.i.embedder.EclipseLogger - skip non existing resourceDirectory C:\Users\paone\eclipse-workspace\New_E2EProject\E2E_Maven_Project\src\main\resources
2021-01-09 23:42:24,265 [Worker-140: Building] INFO  o.e.m.c.i.embedder.EclipseLogger - Using 'UTF-8' encoding to copy filtered resources.
2021-01-09 23:42:24,266 [Worker-140: Building] INFO  o.e.m.c.i.embedder.EclipseLogger - skip non existing resourceDirectory C:\Users\paone\eclipse-workspace\New_E2EProject\E2E_Maven_Project\src\test\resources
2021-01-09 23:43:04,285 [Worker-133: Building] INFO  o.e.m.c.i.l.LifecycleMappingFactory - Using org.eclipse.m2e.jdt.JarLifecycleMapping lifecycle mapping for MavenProject: PavanAcademy:E2E_Maven_Project:0.0.1-SNAPSHOT @ C:\Users\paone\eclipse-workspace\New_E2EProject\E2E_Maven_Project\pom.xml.
2021-01-09 23:43:04,517 [Worker-133: Building] INFO  o.e.m.c.i.embedder.EclipseLogger - Using 'UTF-8' encoding to copy filtered resources.
2021-01-09 23:43:04,517 [Worker-133: Building] INFO  o.e.m.c.i.embedder.EclipseLogger - skip non existing resourceDirectory C:\Users\paone\eclipse-workspace\New_E2EProject\E2E_Maven_Project\src\main\resources
2021-01-09 23:43:04,519 [Worker-133: Building] INFO  o.e.m.c.i.embedder.EclipseLogger - Using 'UTF-8' encoding to copy filtered resources.
2021-01-09 23:43:04,519 [Worker-133: Building] INFO  o.e.m.c.i.embedder.EclipseLogger - skip non existing resourceDirectory C:\Users\paone\eclipse-workspace\New_E2EProject\E2E_Maven_Project\src\test\resources
2021-01-09 23:44:30,534 [Worker-138: Building] INFO  o.e.m.c.i.embedder.EclipseLogger - Using 'UTF-8' encoding to copy filtered resources.
2021-01-09 23:44:30,534 [Worker-138: Building] INFO  o.e.m.c.i.embedder.EclipseLogger - skip non existing resourceDirectory C:\Users\paone\eclipse-workspace\New_E2EProject\E2E_Maven_Project\src\main\resources
2021-01-09 23:44:30,536 [Worker-138: Building] INFO  o.e.m.c.i.embedder.EclipseLogger - Using 'UTF-8' encoding to copy filtered resources.
2021-01-09 23:44:30,536 [Worker-138: Building] INFO  o.e.m.c.i.embedder.EclipseLogger - skip non existing resourceDirectory C:\Users\paone\eclipse-workspace\New_E2EProject\E2E_Maven_Project\src\test\resources
2021-01-09 23:45:29,928 [Worker-139: Building] INFO  o.e.m.c.i.embedder.EclipseLogger - Using 'UTF-8' encoding to copy filtered resources.
2021-01-09 23:45:29,928 [Worker-139: Building] INFO  o.e.m.c.i.embedder.EclipseLogger - skip non existing resourceDirectory C:\Users\paone\eclipse-workspace\New_E2EProject\E2E_Maven_Project\src\main\resources
2021-01-09 23:45:29,929 [Worker-139: Building] INFO  o.e.m.c.i.embedder.EclipseLogger - Using 'UTF-8' encoding to copy filtered resources.
2021-01-09 23:45:29,929 [Worker-139: Building] INFO  o.e.m.c.i.embedder.EclipseLogger - skip non existing resourceDirectory C:\Users\paone\eclipse-workspace\New_E2EProject\E2E_Maven_Project\src\test\resources
2021-01-09 23:45:59,969 [Worker-141: Building] INFO  o.e.m.c.i.embedder.EclipseLogger - Using 'UTF-8' encoding to copy filtered resources.
2021-01-09 23:45:59,969 [Worker-141: Building] INFO  o.e.m.c.i.embedder.EclipseLogger - skip non existing resourceDirectory C:\Users\paone\eclipse-workspace\New_E2EProject\E2E_Maven_Project\src\main\resources
2021-01-09 23:45:59,970 [Worker-141: Building] INFO  o.e.m.c.i.embedder.EclipseLogger - Using 'UTF-8' encoding to copy filtered resources.
2021-01-09 23:45:59,971 [Worker-141: Building] INFO  o.e.m.c.i.embedder.EclipseLogger - skip non existing resourceDirectory C:\Users\paone\eclipse-workspace\New_E2EProject\E2E_Maven_Project\src\test\resources
2021-01-09 23:46:13,093 [Worker-139: Building] INFO  o.e.m.c.i.embedder.EclipseLogger - Using 'UTF-8' encoding to copy filtered resources.
2021-01-09 23:46:13,093 [Worker-139: Building] INFO  o.e.m.c.i.embedder.EclipseLogger - skip non existing resourceDirectory C:\Users\paone\eclipse-workspace\New_E2EProject\E2E_Maven_Project\src\main\resources
2021-01-09 23:46:13,094 [Worker-139: Building] INFO  o.e.m.c.i.embedder.EclipseLogger - Using 'UTF-8' encoding to copy filtered resources.
2021-01-09 23:46:13,094 [Worker-139: Building] INFO  o.e.m.c.i.embedder.EclipseLogger - skip non existing resourceDirectory C:\Users\paone\eclipse-workspace\New_E2EProject\E2E_Maven_Project\src\test\resources
2021-01-09 23:47:03,834 [Worker-139: Building] INFO  o.e.m.c.i.embedder.EclipseLogger - Using 'UTF-8' encoding to copy filtered resources.
2021-01-09 23:47:03,834 [Worker-139: Building] INFO  o.e.m.c.i.embedder.EclipseLogger - skip non existing resourceDirectory C:\Users\paone\eclipse-workspace\New_E2EProject\E2E_Maven_Project\src\main\resources
2021-01-09 23:47:03,835 [Worker-139: Building] INFO  o.e.m.c.i.embedder.EclipseLogger - Using 'UTF-8' encoding to copy filtered resources.
2021-01-09 23:47:03,835 [Worker-139: Building] INFO  o.e.m.c.i.embedder.EclipseLogger - skip non existing resourceDirectory C:\Users\paone\eclipse-workspace\New_E2EProject\E2E_Maven_Project\src\test\resources
2021-01-09 23:47:34,991 [Worker-142: Building] INFO  o.e.m.c.i.embedder.EclipseLogger - Using 'UTF-8' encoding to copy filtered resources.
2021-01-09 23:47:34,992 [Worker-142: Building] INFO  o.e.m.c.i.embedder.EclipseLogger - skip non existing resourceDirectory C:\Users\paone\eclipse-workspace\New_E2EProject\E2E_Maven_Project\src\main\resources
2021-01-09 23:47:34,993 [Worker-142: Building] INFO  o.e.m.c.i.embedder.EclipseLogger - Using 'UTF-8' encoding to copy filtered resources.
2021-01-09 23:47:34,993 [Worker-142: Building] INFO  o.e.m.c.i.embedder.EclipseLogger - skip non existing resourceDirectory C:\Users\paone\eclipse-workspace\New_E2EProject\E2E_Maven_Project\src\test\resources
2021-01-09 23:48:21,325 [Worker-143: Building] INFO  o.e.m.c.i.embedder.EclipseLogger - Using 'UTF-8' encoding to copy filtered resources.
2021-01-09 23:48:21,326 [Worker-143: Building] INFO  o.e.m.c.i.embedder.EclipseLogger - skip non existing resourceDirectory C:\Users\paone\eclipse-workspace\New_E2EProject\E2E_Maven_Project\src\main\resources
2021-01-09 23:48:21,328 [Worker-143: Building] INFO  o.e.m.c.i.embedder.EclipseLogger - Using 'UTF-8' encoding to copy filtered resources.
2021-01-09 23:48:21,328 [Worker-143: Building] INFO  o.e.m.c.i.embedder.EclipseLogger - skip non existing resourceDirectory C:\Users\paone\eclipse-workspace\New_E2EProject\E2E_Maven_Project\src\test\resources
2021-01-10 11:54:31,287 [Worker-2: Loading available Gradle versions] INFO  o.e.b.c.i.u.g.PublishedGradleVersions - Gradle version information cache is up-to-date. Trying to read.
2021-01-10 13:37:25,491 [Worker-20: Building] INFO  o.e.m.c.i.embedder.EclipseLogger - Using 'UTF-8' encoding to copy filtered resources.
2021-01-10 13:37:25,499 [Worker-20: Building] INFO  o.e.m.c.i.embedder.EclipseLogger - Copying 0 resource
2021-01-10 13:37:25,504 [Worker-20: Building] INFO  o.e.m.c.i.embedder.EclipseLogger - Using 'UTF-8' encoding to copy filtered resources.
2021-01-10 13:37:25,505 [Worker-20: Building] INFO  o.e.m.c.i.embedder.EclipseLogger - skip non existing resourceDirectory C:\Users\paone\eclipse-workspace\New_E2EProject\E2E_Maven_Project\src\test\resources
2021-01-10 13:50:12,215 [Worker-25: Building] INFO  o.e.m.c.i.embedder.EclipseLogger - Using 'UTF-8' encoding to copy filtered resources.
2021-01-10 13:50:12,221 [Worker-25: Building] INFO  o.e.m.c.i.embedder.EclipseLogger - Copying 1 resource
2021-01-10 13:50:12,269 [Worker-25: Building] INFO  o.e.m.c.i.embedder.EclipseLogger - Using 'UTF-8' encoding to copy filtered resources.
2021-01-10 13:50:12,270 [Worker-25: Building] INFO  o.e.m.c.i.embedder.EclipseLogger - skip non existing resourceDirectory C:\Users\paone\eclipse-workspace\New_E2EProject\E2E_Maven_Project\src\test\resources
2021-01-10 13:50:22,117 [Worker-26: Building] INFO  o.e.m.c.i.embedder.EclipseLogger - Using 'UTF-8' encoding to copy filtered resources.
2021-01-10 13:50:22,118 [Worker-26: Building] INFO  o.e.m.c.i.embedder.EclipseLogger - Copying 0 resource
2021-01-10 13:50:22,120 [Worker-26: Building] INFO  o.e.m.c.i.embedder.EclipseLogger - Using 'UTF-8' encoding to copy filtered resources.
2021-01-10 13:50:22,120 [Worker-26: Building] INFO  o.e.m.c.i.embedder.EclipseLogger - skip non existing resourceDirectory C:\Users\paone\eclipse-workspace\New_E2EProject\E2E_Maven_Project\src\test\resources
2021-01-10 17:42:46,605 [Worker-2: Loading available Gradle versions] INFO  o.e.b.c.i.u.g.PublishedGradleVersions - Gradle version information cache is up-to-date. Trying to read.
2021-01-10 17:42:50,478 [Worker-3: Building] INFO  o.e.m.c.i.embedder.EclipseLogger - Using 'UTF-8' encoding to copy filtered resources.
2021-01-10 17:42:50,482 [Worker-3: Building] INFO  o.e.m.c.i.embedder.EclipseLogger - Copying 0 resource
2021-01-10 17:42:50,485 [Worker-3: Building] INFO  o.e.m.c.i.embedder.EclipseLogger - Using 'UTF-8' encoding to copy filtered resources.
2021-01-10 17:42:50,486 [Worker-3: Building] INFO  o.e.m.c.i.embedder.EclipseLogger - skip non existing resourceDirectory C:\Users\paone\eclipse-workspace\New_E2EProject\E2E_Maven_Project\src\test\resources
2021-01-14 10:46:38,586 [Worker-1: Loading available Gradle versions] INFO  o.e.b.c.i.u.g.PublishedGradleVersions - Gradle version information cache is up-to-date. Trying to read.
2021-01-14 10:48:54,389 [Worker-17: Building] INFO  o.e.m.c.i.embedder.EclipseLogger - Using 'UTF-8' encoding to copy filtered resources.
2021-01-14 10:48:54,395 [Worker-17: Building] INFO  o.e.m.c.i.embedder.EclipseLogger - Copying 0 resource
2021-01-14 10:48:54,398 [Worker-17: Building] INFO  o.e.m.c.i.embedder.EclipseLogger - Using 'UTF-8' encoding to copy filtered resources.
2021-01-14 10:48:54,398 [Worker-17: Building] INFO  o.e.m.c.i.embedder.EclipseLogger - skip non existing resourceDirectory C:\Users\paone\eclipse-workspace\New_E2EProject\E2E_Maven_Project\src\test\resources
2021-01-14 16:37:35,238 [Worker-1: Loading available Gradle versions] INFO  o.e.b.c.i.u.g.PublishedGradleVersions - Gradle version information cache is out-of-date. Trying to update.
2021-01-15 14:19:31,830 [Worker-3: Loading available Gradle versions] INFO  o.e.b.c.i.u.g.PublishedGradleVersions - Gradle version information cache is up-to-date. Trying to read.
2021-01-15 14:20:41,363 [Worker-15: Launching E2E_Maven_Project_testng.xml] INFO  o.e.m.c.i.embedder.EclipseLogger - Using 'UTF-8' encoding to copy filtered resources.
2021-01-15 14:20:41,367 [Worker-15: Launching E2E_Maven_Project_testng.xml] INFO  o.e.m.c.i.embedder.EclipseLogger - Copying 0 resource
2021-01-15 14:20:41,370 [Worker-15: Launching E2E_Maven_Project_testng.xml] INFO  o.e.m.c.i.embedder.EclipseLogger - Using 'UTF-8' encoding to copy filtered resources.
2021-01-15 14:20:41,370 [Worker-15: Launching E2E_Maven_Project_testng.xml] INFO  o.e.m.c.i.embedder.EclipseLogger - skip non existing resourceDirectory C:\Users\paone\eclipse-workspace\New_E2EProject\E2E_Maven_Project\src\test\resources
2021-01-15 14:22:44,593 [Worker-18: Building] INFO  o.e.m.c.i.embedder.EclipseLogger - Using 'UTF-8' encoding to copy filtered resources.
2021-01-15 14:22:44,601 [Worker-18: Building] INFO  o.e.m.c.i.embedder.EclipseLogger - Copying 0 resource
2021-01-15 14:22:44,602 [Worker-18: Building] INFO  o.e.m.c.i.embedder.EclipseLogger - Using 'UTF-8' encoding to copy filtered resources.
2021-01-15 14:22:44,603 [Worker-18: Building] INFO  o.e.m.c.i.embedder.EclipseLogger - skip non existing resourceDirectory C:\Users\paone\eclipse-workspace\New_E2EProject\E2E_Maven_Project\src\test\resources
2021-01-15 14:23:24,575 [Worker-3: Building] INFO  o.e.m.c.i.embedder.EclipseLogger - Using 'UTF-8' encoding to copy filtered resources.
2021-01-15 14:23:24,576 [Worker-3: Building] INFO  o.e.m.c.i.embedder.EclipseLogger - Copying 0 resource
2021-01-15 14:23:24,578 [Worker-3: Building] INFO  o.e.m.c.i.embedder.EclipseLogger - Using 'UTF-8' encoding to copy filtered resources.
2021-01-15 14:23:24,578 [Worker-3: Building] INFO  o.e.m.c.i.embedder.EclipseLogger - skip non existing resourceDirectory C:\Users\paone\eclipse-workspace\New_E2EProject\E2E_Maven_Project\src\test\resources
2021-01-15 14:23:43,554 [Worker-15: Building] INFO  o.e.m.c.i.embedder.EclipseLogger - Using 'UTF-8' encoding to copy filtered resources.
2021-01-15 14:23:43,555 [Worker-15: Building] INFO  o.e.m.c.i.embedder.EclipseLogger - Copying 0 resource
2021-01-15 14:23:43,556 [Worker-15: Building] INFO  o.e.m.c.i.embedder.EclipseLogger - Using 'UTF-8' encoding to copy filtered resources.
2021-01-15 14:23:43,556 [Worker-15: Building] INFO  o.e.m.c.i.embedder.EclipseLogger - skip non existing resourceDirectory C:\Users\paone\eclipse-workspace\New_E2EProject\E2E_Maven_Project\src\test\resources
2021-01-15 14:23:49,337 [Worker-17: Building] INFO  o.e.m.c.i.embedder.EclipseLogger - Using 'UTF-8' encoding to copy filtered resources.
2021-01-15 14:23:49,337 [Worker-17: Building] INFO  o.e.m.c.i.embedder.EclipseLogger - Copying 0 resource
2021-01-15 14:23:49,338 [Worker-17: Building] INFO  o.e.m.c.i.embedder.EclipseLogger - Using 'UTF-8' encoding to copy filtered resources.
2021-01-15 14:23:49,338 [Worker-17: Building] INFO  o.e.m.c.i.embedder.EclipseLogger - skip non existing resourceDirectory C:\Users\paone\eclipse-workspace\New_E2EProject\E2E_Maven_Project\src\test\resources
2021-01-15 14:24:36,953 [Worker-5: Building] INFO  o.e.m.c.i.embedder.EclipseLogger - Using 'UTF-8' encoding to copy filtered resources.
2021-01-15 14:24:36,953 [Worker-5: Building] INFO  o.e.m.c.i.embedder.EclipseLogger - Copying 0 resource
2021-01-15 14:24:36,954 [Worker-5: Building] INFO  o.e.m.c.i.embedder.EclipseLogger - Using 'UTF-8' encoding to copy filtered resources.
2021-01-15 14:24:36,955 [Worker-5: Building] INFO  o.e.m.c.i.embedder.EclipseLogger - skip non existing resourceDirectory C:\Users\paone\eclipse-workspace\New_E2EProject\E2E_Maven_Project\src\test\resources
2021-01-15 14:25:41,042 [Worker-4: Building] INFO  o.e.m.c.i.embedder.EclipseLogger - Using 'UTF-8' encoding to copy filtered resources.
2021-01-15 14:25:41,043 [Worker-4: Building] INFO  o.e.m.c.i.embedder.EclipseLogger - Copying 0 resource
2021-01-15 14:25:41,044 [Worker-4: Building] INFO  o.e.m.c.i.embedder.EclipseLogger - Using 'UTF-8' encoding to copy filtered resources.
2021-01-15 14:25:41,044 [Worker-4: Building] INFO  o.e.m.c.i.embedder.EclipseLogger - skip non existing resourceDirectory C:\Users\paone\eclipse-workspace\New_E2EProject\E2E_Maven_Project\src\test\resources
2021-01-15 14:26:07,637 [Worker-7: Building] INFO  o.e.m.c.i.embedder.EclipseLogger - Using 'UTF-8' encoding to copy filtered resources.
2021-01-15 14:26:07,638 [Worker-7: Building] INFO  o.e.m.c.i.embedder.EclipseLogger - Copying 0 resource
2021-01-15 14:26:07,640 [Worker-7: Building] INFO  o.e.m.c.i.embedder.EclipseLogger - Using 'UTF-8' encoding to copy filtered resources.
2021-01-15 14:26:07,641 [Worker-7: Building] INFO  o.e.m.c.i.embedder.EclipseLogger - skip non existing resourceDirectory C:\Users\paone\eclipse-workspace\New_E2EProject\E2E_Maven_Project\src\test\resources
2021-01-15 14:33:03,390 [Worker-20: Building] INFO  o.e.m.c.i.embedder.EclipseLogger - Using 'UTF-8' encoding to copy filtered resources.
2021-01-15 14:33:03,390 [Worker-20: Building] INFO  o.e.m.c.i.embedder.EclipseLogger - Copying 0 resource
2021-01-15 14:33:03,390 [Worker-20: Building] INFO  o.e.m.c.i.embedder.EclipseLogger - Using 'UTF-8' encoding to copy filtered resources.
2021-01-15 14:33:03,390 [Worker-20: Building] INFO  o.e.m.c.i.embedder.EclipseLogger - skip non existing resourceDirectory C:\Users\paone\eclipse-workspace\New_E2EProject\E2E_Maven_Project\src\test\resources
2021-01-15 14:33:26,925 [Worker-4: Building] INFO  o.e.m.c.i.embedder.EclipseLogger - Using 'UTF-8' encoding to copy filtered resources.
2021-01-15 14:33:26,925 [Worker-4: Building] INFO  o.e.m.c.i.embedder.EclipseLogger - Copying 0 resource
2021-01-15 14:33:26,926 [Worker-4: Building] INFO  o.e.m.c.i.embedder.EclipseLogger - Using 'UTF-8' encoding to copy filtered resources.
2021-01-15 14:33:26,927 [Worker-4: Building] INFO  o.e.m.c.i.embedder.EclipseLogger - skip non existing resourceDirectory C:\Users\paone\eclipse-workspace\New_E2EProject\E2E_Maven_Project\src\test\resources
2021-01-15 14:34:54,743 [Worker-4: Building] INFO  o.e.m.c.i.embedder.EclipseLogger - Using 'UTF-8' encoding to copy filtered resources.
2021-01-15 14:34:54,744 [Worker-4: Building] INFO  o.e.m.c.i.embedder.EclipseLogger - Copying 0 resource
2021-01-15 14:34:54,746 [Worker-4: Building] INFO  o.e.m.c.i.embedder.EclipseLogger - Using 'UTF-8' encoding to copy filtered resources.
2021-01-15 14:34:54,746 [Worker-4: Building] INFO  o.e.m.c.i.embedder.EclipseLogger - skip non existing resourceDirectory C:\Users\paone\eclipse-workspace\New_E2EProject\E2E_Maven_Project\src\test\resources
2021-01-15 14:35:38,178 [Worker-20: Building] INFO  o.e.m.c.i.embedder.EclipseLogger - Using 'UTF-8' encoding to copy filtered resources.
2021-01-15 14:35:38,178 [Worker-20: Building] INFO  o.e.m.c.i.embedder.EclipseLogger - Copying 0 resource
2021-01-15 14:35:38,179 [Worker-20: Building] INFO  o.e.m.c.i.embedder.EclipseLogger - Using 'UTF-8' encoding to copy filtered resources.
2021-01-15 14:35:38,180 [Worker-20: Building] INFO  o.e.m.c.i.embedder.EclipseLogger - skip non existing resourceDirectory C:\Users\paone\eclipse-workspace\New_E2EProject\E2E_Maven_Project\src\test\resources
2021-01-15 14:38:10,192 [Worker-22: Building] INFO  o.e.m.c.i.embedder.EclipseLogger - Using 'UTF-8' encoding to copy filtered resources.
2021-01-15 14:38:10,193 [Worker-22: Building] INFO  o.e.m.c.i.embedder.EclipseLogger - Copying 0 resource
2021-01-15 14:38:10,194 [Worker-22: Building] INFO  o.e.m.c.i.embedder.EclipseLogger - Using 'UTF-8' encoding to copy filtered resources.
2021-01-15 14:38:10,194 [Worker-22: Building] INFO  o.e.m.c.i.embedder.EclipseLogger - skip non existing resourceDirectory C:\Users\paone\eclipse-workspace\New_E2EProject\E2E_Maven_Project\src\test\resources
2021-01-15 14:48:34,731 [Worker-30: Building] INFO  o.e.m.c.i.embedder.EclipseLogger - Using 'UTF-8' encoding to copy filtered resources.
2021-01-15 14:48:34,732 [Worker-30: Building] INFO  o.e.m.c.i.embedder.EclipseLogger - Copying 0 resource
2021-01-15 14:48:34,733 [Worker-30: Building] INFO  o.e.m.c.i.embedder.EclipseLogger - Using 'UTF-8' encoding to copy filtered resources.
2021-01-15 14:48:34,733 [Worker-30: Building] INFO  o.e.m.c.i.embedder.EclipseLogger - skip non existing resourceDirectory C:\Users\paone\eclipse-workspace\New_E2EProject\E2E_Maven_Project\src\test\resources
2021-01-15 14:50:14,341 [Worker-29: Building] INFO  o.e.m.c.i.embedder.EclipseLogger - Using 'UTF-8' encoding to copy filtered resources.
2021-01-15 14:50:14,342 [Worker-29: Building] INFO  o.e.m.c.i.embedder.EclipseLogger - Copying 0 resource
2021-01-15 14:50:14,343 [Worker-29: Building] INFO  o.e.m.c.i.embedder.EclipseLogger - Using 'UTF-8' encoding to copy filtered resources.
2021-01-15 14:50:14,343 [Worker-29: Building] INFO  o.e.m.c.i.embedder.EclipseLogger - skip non existing resourceDirectory C:\Users\paone\eclipse-workspace\New_E2EProject\E2E_Maven_Project\src\test\resources
2021-01-15 14:53:04,168 [Worker-29: Building] INFO  o.e.m.c.i.embedder.EclipseLogger - Using 'UTF-8' encoding to copy filtered resources.
2021-01-15 14:53:04,169 [Worker-29: Building] INFO  o.e.m.c.i.embedder.EclipseLogger - Copying 0 resource
2021-01-15 14:53:04,171 [Worker-29: Building] INFO  o.e.m.c.i.embedder.EclipseLogger - Using 'UTF-8' encoding to copy filtered resources.
2021-01-15 14:53:04,172 [Worker-29: Building] INFO  o.e.m.c.i.embedder.EclipseLogger - skip non existing resourceDirectory C:\Users\paone\eclipse-workspace\New_E2EProject\E2E_Maven_Project\src\test\resources
2021-01-15 14:53:53,086 [Worker-29: Building] INFO  o.e.m.c.i.embedder.EclipseLogger - Using 'UTF-8' encoding to copy filtered resources.
2021-01-15 14:53:53,086 [Worker-29: Building] INFO  o.e.m.c.i.embedder.EclipseLogger - Copying 0 resource
2021-01-15 14:53:53,087 [Worker-29: Building] INFO  o.e.m.c.i.embedder.EclipseLogger - Using 'UTF-8' encoding to copy filtered resources.
2021-01-15 14:53:53,088 [Worker-29: Building] INFO  o.e.m.c.i.embedder.EclipseLogger - skip non existing resourceDirectory C:\Users\paone\eclipse-workspace\New_E2EProject\E2E_Maven_Project\src\test\resources
2021-01-15 14:56:34,833 [Worker-31: Building] INFO  o.e.m.c.i.embedder.EclipseLogger - Using 'UTF-8' encoding to copy filtered resources.
2021-01-15 14:56:34,833 [Worker-31: Building] INFO  o.e.m.c.i.embedder.EclipseLogger - Copying 0 resource
2021-01-15 14:56:34,834 [Worker-31: Building] INFO  o.e.m.c.i.embedder.EclipseLogger - Using 'UTF-8' encoding to copy filtered resources.
2021-01-15 14:56:34,834 [Worker-31: Building] INFO  o.e.m.c.i.embedder.EclipseLogger - skip non existing resourceDirectory C:\Users\paone\eclipse-workspace\New_E2EProject\E2E_Maven_Project\src\test\resources
2021-01-15 14:59:14,296 [Worker-20: Building] INFO  o.e.m.c.i.embedder.EclipseLogger - Using 'UTF-8' encoding to copy filtered resources.
2021-01-15 14:59:14,296 [Worker-20: Building] INFO  o.e.m.c.i.embedder.EclipseLogger - Copying 0 resource
2021-01-15 14:59:14,297 [Worker-20: Building] INFO  o.e.m.c.i.embedder.EclipseLogger - Using 'UTF-8' encoding to copy filtered resources.
2021-01-15 14:59:14,298 [Worker-20: Building] INFO  o.e.m.c.i.embedder.EclipseLogger - skip non existing resourceDirectory C:\Users\paone\eclipse-workspace\New_E2EProject\E2E_Maven_Project\src\test\resources
2021-01-15 15:05:33,491 [Worker-35: Building] INFO  o.e.m.c.i.embedder.EclipseLogger - Using 'UTF-8' encoding to copy filtered resources.
2021-01-15 15:05:33,492 [Worker-35: Building] INFO  o.e.m.c.i.embedder.EclipseLogger - Copying 0 resource
2021-01-15 15:05:33,493 [Worker-35: Building] INFO  o.e.m.c.i.embedder.EclipseLogger - Using 'UTF-8' encoding to copy filtered resources.
2021-01-15 15:05:33,493 [Worker-35: Building] INFO  o.e.m.c.i.embedder.EclipseLogger - skip non existing resourceDirectory C:\Users\paone\eclipse-workspace\New_E2EProject\E2E_Maven_Project\src\test\resources
2021-01-15 15:08:40,061 [Worker-37: Building] INFO  o.e.m.c.i.embedder.EclipseLogger - Using 'UTF-8' encoding to copy filtered resources.
2021-01-15 15:08:40,061 [Worker-37: Building] INFO  o.e.m.c.i.embedder.EclipseLogger - Copying 0 resource
2021-01-15 15:08:40,062 [Worker-37: Building] INFO  o.e.m.c.i.embedder.EclipseLogger - Using 'UTF-8' encoding to copy filtered resources.
2021-01-15 15:08:40,063 [Worker-37: Building] INFO  o.e.m.c.i.embedder.EclipseLogger - skip non existing resourceDirectory C:\Users\paone\eclipse-workspace\New_E2EProject\E2E_Maven_Project\src\test\resources
2021-01-15 15:09:11,630 [Worker-37: Building] INFO  o.e.m.c.i.embedder.EclipseLogger - Using 'UTF-8' encoding to copy filtered resources.
2021-01-15 15:09:11,630 [Worker-37: Building] INFO  o.e.m.c.i.embedder.EclipseLogger - Copying 0 resource
2021-01-15 15:09:11,631 [Worker-37: Building] INFO  o.e.m.c.i.embedder.EclipseLogger - Using 'UTF-8' encoding to copy filtered resources.
2021-01-15 15:09:11,631 [Worker-37: Building] INFO  o.e.m.c.i.embedder.EclipseLogger - skip non existing resourceDirectory C:\Users\paone\eclipse-workspace\New_E2EProject\E2E_Maven_Project\src\test\resources
2021-01-15 15:11:06,450 [Worker-43: Building] INFO  o.e.m.c.i.embedder.EclipseLogger - Using 'UTF-8' encoding to copy filtered resources.
2021-01-15 15:11:06,450 [Worker-43: Building] INFO  o.e.m.c.i.embedder.EclipseLogger - Copying 0 resource
2021-01-15 15:11:06,451 [Worker-43: Building] INFO  o.e.m.c.i.embedder.EclipseLogger - Using 'UTF-8' encoding to copy filtered resources.
2021-01-15 15:11:06,451 [Worker-43: Building] INFO  o.e.m.c.i.embedder.EclipseLogger - skip non existing resourceDirectory C:\Users\paone\eclipse-workspace\New_E2EProject\E2E_Maven_Project\src\test\resources
2021-01-15 15:13:34,485 [Worker-48: Building] INFO  o.e.m.c.i.embedder.EclipseLogger - Using 'UTF-8' encoding to copy filtered resources.
2021-01-15 15:13:34,486 [Worker-48: Building] INFO  o.e.m.c.i.embedder.EclipseLogger - Copying 0 resource
2021-01-15 15:13:34,487 [Worker-48: Building] INFO  o.e.m.c.i.embedder.EclipseLogger - Using 'UTF-8' encoding to copy filtered resources.
2021-01-15 15:13:34,487 [Worker-48: Building] INFO  o.e.m.c.i.embedder.EclipseLogger - skip non existing resourceDirectory C:\Users\paone\eclipse-workspace\New_E2EProject\E2E_Maven_Project\src\test\resources
2021-01-15 15:17:51,665 [Worker-49: Building] INFO  o.e.m.c.i.embedder.EclipseLogger - Using 'UTF-8' encoding to copy filtered resources.
2021-01-15 15:17:51,666 [Worker-49: Building] INFO  o.e.m.c.i.embedder.EclipseLogger - Copying 0 resource
2021-01-15 15:17:51,666 [Worker-49: Building] INFO  o.e.m.c.i.embedder.EclipseLogger - Using 'UTF-8' encoding to copy filtered resources.
2021-01-15 15:17:51,666 [Worker-49: Building] INFO  o.e.m.c.i.embedder.EclipseLogger - skip non existing resourceDirectory C:\Users\paone\eclipse-workspace\New_E2EProject\E2E_Maven_Project\src\test\resources
2021-01-15 15:18:55,186 [Worker-51: Building] INFO  o.e.m.c.i.embedder.EclipseLogger - Using 'UTF-8' encoding to copy filtered resources.
2021-01-15 15:18:55,187 [Worker-51: Building] INFO  o.e.m.c.i.embedder.EclipseLogger - Copying 0 resource
2021-01-15 15:18:55,187 [Worker-51: Building] INFO  o.e.m.c.i.embedder.EclipseLogger - Using 'UTF-8' encoding to copy filtered resources.
2021-01-15 15:18:55,188 [Worker-51: Building] INFO  o.e.m.c.i.embedder.EclipseLogger - skip non existing resourceDirectory C:\Users\paone\eclipse-workspace\New_E2EProject\E2E_Maven_Project\src\test\resources
2021-01-15 15:39:01,676 [Worker-56: Building] INFO  o.e.m.c.i.embedder.EclipseLogger - Using 'UTF-8' encoding to copy filtered resources.
2021-01-15 15:39:01,676 [Worker-56: Building] INFO  o.e.m.c.i.embedder.EclipseLogger - Copying 0 resource
2021-01-15 15:39:01,677 [Worker-56: Building] INFO  o.e.m.c.i.embedder.EclipseLogger - Using 'UTF-8' encoding to copy filtered resources.
2021-01-15 15:39:01,677 [Worker-56: Building] INFO  o.e.m.c.i.embedder.EclipseLogger - skip non existing resourceDirectory C:\Users\paone\eclipse-workspace\New_E2EProject\E2E_Maven_Project\src\test\resources
2021-01-15 15:39:38,636 [Worker-61: Building] INFO  o.e.m.c.i.embedder.EclipseLogger - Using 'UTF-8' encoding to copy filtered resources.
2021-01-15 15:39:38,637 [Worker-61: Building] INFO  o.e.m.c.i.embedder.EclipseLogger - Copying 0 resource
2021-01-15 15:39:38,638 [Worker-61: Building] INFO  o.e.m.c.i.embedder.EclipseLogger - Using 'UTF-8' encoding to copy filtered resources.
2021-01-15 15:39:38,638 [Worker-61: Building] INFO  o.e.m.c.i.embedder.EclipseLogger - skip non existing resourceDirectory C:\Users\paone\eclipse-workspace\New_E2EProject\E2E_Maven_Project\src\test\resources
2021-01-15 15:40:16,853 [Worker-59: Launching validateTitle] INFO  o.e.m.c.i.embedder.EclipseLogger - Using 'UTF-8' encoding to copy filtered resources.
2021-01-15 15:40:16,854 [Worker-59: Launching validateTitle] INFO  o.e.m.c.i.embedder.EclipseLogger - Copying 0 resource
2021-01-15 15:40:16,855 [Worker-59: Launching validateTitle] INFO  o.e.m.c.i.embedder.EclipseLogger - Using 'UTF-8' encoding to copy filtered resources.
2021-01-15 15:40:16,856 [Worker-59: Launching validateTitle] INFO  o.e.m.c.i.embedder.EclipseLogger - skip non existing resourceDirectory C:\Users\paone\eclipse-workspace\New_E2EProject\E2E_Maven_Project\src\test\resources
2021-01-15 15:41:23,890 [Worker-62: Building] INFO  o.e.m.c.i.embedder.EclipseLogger - Using 'UTF-8' encoding to copy filtered resources.
2021-01-15 15:41:23,891 [Worker-62: Building] INFO  o.e.m.c.i.embedder.EclipseLogger - Copying 0 resource
2021-01-15 15:41:23,891 [Worker-62: Building] INFO  o.e.m.c.i.embedder.EclipseLogger - Using 'UTF-8' encoding to copy filtered resources.
2021-01-15 15:41:23,892 [Worker-62: Building] INFO  o.e.m.c.i.embedder.EclipseLogger - skip non existing resourceDirectory C:\Users\paone\eclipse-workspace\New_E2EProject\E2E_Maven_Project\src\test\resources
2021-01-15 15:42:09,302 [Worker-63: Building] INFO  o.e.m.c.i.embedder.EclipseLogger - Using 'UTF-8' encoding to copy filtered resources.
2021-01-15 15:42:09,302 [Worker-63: Building] INFO  o.e.m.c.i.embedder.EclipseLogger - Copying 0 resource
2021-01-15 15:42:09,303 [Worker-63: Building] INFO  o.e.m.c.i.embedder.EclipseLogger - Using 'UTF-8' encoding to copy filtered resources.
2021-01-15 15:42:09,303 [Worker-63: Building] INFO  o.e.m.c.i.embedder.EclipseLogger - skip non existing resourceDirectory C:\Users\paone\eclipse-workspace\New_E2EProject\E2E_Maven_Project\src\test\resources
2021-01-15 15:43:57,730 [Worker-64: Building] INFO  o.e.m.c.i.embedder.EclipseLogger - Using 'UTF-8' encoding to copy filtered resources.
2021-01-15 15:43:57,730 [Worker-64: Building] INFO  o.e.m.c.i.embedder.EclipseLogger - Copying 0 resource
2021-01-15 15:43:57,731 [Worker-64: Building] INFO  o.e.m.c.i.embedder.EclipseLogger - Using 'UTF-8' encoding to copy filtered resources.
2021-01-15 15:43:57,731 [Worker-64: Building] INFO  o.e.m.c.i.embedder.EclipseLogger - skip non existing resourceDirectory C:\Users\paone\eclipse-workspace\New_E2EProject\E2E_Maven_Project\src\test\resources
2021-01-15 15:45:37,819 [Worker-64: Building] INFO  o.e.m.c.i.embedder.EclipseLogger - Using 'UTF-8' encoding to copy filtered resources.
2021-01-15 15:45:37,820 [Worker-64: Building] INFO  o.e.m.c.i.embedder.EclipseLogger - Copying 0 resource
2021-01-15 15:45:37,821 [Worker-64: Building] INFO  o.e.m.c.i.embedder.EclipseLogger - Using 'UTF-8' encoding to copy filtered resources.
2021-01-15 15:45:37,821 [Worker-64: Building] INFO  o.e.m.c.i.embedder.EclipseLogger - skip non existing resourceDirectory C:\Users\paone\eclipse-workspace\New_E2EProject\E2E_Maven_Project\src\test\resources
2021-01-15 15:46:10,357 [Worker-65: Building] INFO  o.e.m.c.i.embedder.EclipseLogger - Using 'UTF-8' encoding to copy filtered resources.
2021-01-15 15:46:10,357 [Worker-65: Building] INFO  o.e.m.c.i.embedder.EclipseLogger - Copying 0 resource
2021-01-15 15:46:10,358 [Worker-65: Building] INFO  o.e.m.c.i.embedder.EclipseLogger - Using 'UTF-8' encoding to copy filtered resources.
2021-01-15 15:46:10,358 [Worker-65: Building] INFO  o.e.m.c.i.embedder.EclipseLogger - skip non existing resourceDirectory C:\Users\paone\eclipse-workspace\New_E2EProject\E2E_Maven_Project\src\test\resources
2021-01-15 15:46:54,441 [Worker-59: Building] INFO  o.e.m.c.i.embedder.EclipseLogger - Using 'UTF-8' encoding to copy filtered resources.
2021-01-15 15:46:54,441 [Worker-59: Building] INFO  o.e.m.c.i.embedder.EclipseLogger - Copying 0 resource
2021-01-15 15:46:54,441 [Worker-59: Building] INFO  o.e.m.c.i.embedder.EclipseLogger - Using 'UTF-8' encoding to copy filtered resources.
2021-01-15 15:46:54,442 [Worker-59: Building] INFO  o.e.m.c.i.embedder.EclipseLogger - skip non existing resourceDirectory C:\Users\paone\eclipse-workspace\New_E2EProject\E2E_Maven_Project\src\test\resources
2021-01-15 15:47:26,500 [Worker-67: Building] INFO  o.e.m.c.i.embedder.EclipseLogger - Using 'UTF-8' encoding to copy filtered resources.
2021-01-15 15:47:26,500 [Worker-67: Building] INFO  o.e.m.c.i.embedder.EclipseLogger - Copying 0 resource
2021-01-15 15:47:26,501 [Worker-67: Building] INFO  o.e.m.c.i.embedder.EclipseLogger - Using 'UTF-8' encoding to copy filtered resources.
2021-01-15 15:47:26,501 [Worker-67: Building] INFO  o.e.m.c.i.embedder.EclipseLogger - skip non existing resourceDirectory C:\Users\paone\eclipse-workspace\New_E2EProject\E2E_Maven_Project\src\test\resources
2021-01-15 15:48:29,893 [Worker-56: Building] INFO  o.e.m.c.i.embedder.EclipseLogger - Using 'UTF-8' encoding to copy filtered resources.
2021-01-15 15:48:29,893 [Worker-56: Building] INFO  o.e.m.c.i.embedder.EclipseLogger - Copying 0 resource
2021-01-15 15:48:29,894 [Worker-56: Building] INFO  o.e.m.c.i.embedder.EclipseLogger - Using 'UTF-8' encoding to copy filtered resources.
2021-01-15 15:48:29,894 [Worker-56: Building] INFO  o.e.m.c.i.embedder.EclipseLogger - skip non existing resourceDirectory C:\Users\paone\eclipse-workspace\New_E2EProject\E2E_Maven_Project\src\test\resources
2021-01-15 15:48:43,894 [Worker-59: Building] INFO  o.e.m.c.i.embedder.EclipseLogger - Using 'UTF-8' encoding to copy filtered resources.
2021-01-15 15:48:43,896 [Worker-59: Building] INFO  o.e.m.c.i.embedder.EclipseLogger - Copying 0 resource
2021-01-15 15:48:43,896 [Worker-59: Building] INFO  o.e.m.c.i.embedder.EclipseLogger - Using 'UTF-8' encoding to copy filtered resources.
2021-01-15 15:48:43,897 [Worker-59: Building] INFO  o.e.m.c.i.embedder.EclipseLogger - skip non existing resourceDirectory C:\Users\paone\eclipse-workspace\New_E2EProject\E2E_Maven_Project\src\test\resources
2021-01-15 15:49:08,040 [Worker-59: Building] INFO  o.e.m.c.i.embedder.EclipseLogger - Using 'UTF-8' encoding to copy filtered resources.
2021-01-15 15:49:08,040 [Worker-59: Building] INFO  o.e.m.c.i.embedder.EclipseLogger - Copying 0 resource
2021-01-15 15:49:08,041 [Worker-59: Building] INFO  o.e.m.c.i.embedder.EclipseLogger - Using 'UTF-8' encoding to copy filtered resources.
2021-01-15 15:49:08,041 [Worker-59: Building] INFO  o.e.m.c.i.embedder.EclipseLogger - skip non existing resourceDirectory C:\Users\paone\eclipse-workspace\New_E2EProject\E2E_Maven_Project\src\test\resources
2021-01-15 15:52:04,825 [Worker-69: Launching Salesforce_LoginValidation] INFO  o.e.m.c.i.embedder.EclipseLogger - Using 'UTF-8' encoding to copy filtered resources.
2021-01-15 15:52:04,826 [Worker-69: Launching Salesforce_LoginValidation] INFO  o.e.m.c.i.embedder.EclipseLogger - Copying 0 resource
2021-01-15 15:52:04,827 [Worker-69: Launching Salesforce_LoginValidation] INFO  o.e.m.c.i.embedder.EclipseLogger - Using 'UTF-8' encoding to copy filtered resources.
2021-01-15 15:52:04,827 [Worker-69: Launching Salesforce_LoginValidation] INFO  o.e.m.c.i.embedder.EclipseLogger - skip non existing resourceDirectory C:\Users\paone\eclipse-workspace\New_E2EProject\E2E_Maven_Project\src\test\resources
2021-01-15 15:57:19,251 [Worker-65: Building] INFO  o.e.m.c.i.embedder.EclipseLogger - Using 'UTF-8' encoding to copy filtered resources.
2021-01-15 15:57:19,251 [Worker-65: Building] INFO  o.e.m.c.i.embedder.EclipseLogger - Copying 0 resource
2021-01-15 15:57:19,252 [Worker-65: Building] INFO  o.e.m.c.i.embedder.EclipseLogger - Using 'UTF-8' encoding to copy filtered resources.
2021-01-15 15:57:19,252 [Worker-65: Building] INFO  o.e.m.c.i.embedder.EclipseLogger - skip non existing resourceDirectory C:\Users\paone\eclipse-workspace\New_E2EProject\E2E_Maven_Project\src\test\resources
2021-01-15 16:02:00,418 [Worker-68: Building] INFO  o.e.m.c.i.embedder.EclipseLogger - Using 'UTF-8' encoding to copy filtered resources.
2021-01-15 16:02:00,418 [Worker-68: Building] INFO  o.e.m.c.i.embedder.EclipseLogger - Copying 0 resource
2021-01-15 16:02:00,419 [Worker-68: Building] INFO  o.e.m.c.i.embedder.EclipseLogger - Using 'UTF-8' encoding to copy filtered resources.
2021-01-15 16:02:00,419 [Worker-68: Building] INFO  o.e.m.c.i.embedder.EclipseLogger - skip non existing resourceDirectory C:\Users\paone\eclipse-workspace\New_E2EProject\E2E_Maven_Project\src\test\resources
2021-01-15 16:03:31,919 [Worker-68: Building] INFO  o.e.m.c.i.embedder.EclipseLogger - Using 'UTF-8' encoding to copy filtered resources.
2021-01-15 16:03:31,920 [Worker-68: Building] INFO  o.e.m.c.i.embedder.EclipseLogger - Copying 0 resource
2021-01-15 16:03:31,921 [Worker-68: Building] INFO  o.e.m.c.i.embedder.EclipseLogger - Using 'UTF-8' encoding to copy filtered resources.
2021-01-15 16:03:31,921 [Worker-68: Building] INFO  o.e.m.c.i.embedder.EclipseLogger - skip non existing resourceDirectory C:\Users\paone\eclipse-workspace\New_E2EProject\E2E_Maven_Project\src\test\resources
2021-01-15 16:05:24,587 [Worker-67: Building] INFO  o.e.m.c.i.embedder.EclipseLogger - Using 'UTF-8' encoding to copy filtered resources.
2021-01-15 16:05:24,588 [Worker-67: Building] INFO  o.e.m.c.i.embedder.EclipseLogger - Copying 0 resource
2021-01-15 16:05:24,589 [Worker-67: Building] INFO  o.e.m.c.i.embedder.EclipseLogger - Using 'UTF-8' encoding to copy filtered resources.
2021-01-15 16:05:24,589 [Worker-67: Building] INFO  o.e.m.c.i.embedder.EclipseLogger - skip non existing resourceDirectory C:\Users\paone\eclipse-workspace\New_E2EProject\E2E_Maven_Project\src\test\resources
2021-01-15 16:05:51,178 [Worker-69: Building] INFO  o.e.m.c.i.embedder.EclipseLogger - Using 'UTF-8' encoding to copy filtered resources.
2021-01-15 16:05:51,179 [Worker-69: Building] INFO  o.e.m.c.i.embedder.EclipseLogger - Copying 0 resource
2021-01-15 16:05:51,180 [Worker-69: Building] INFO  o.e.m.c.i.embedder.EclipseLogger - Using 'UTF-8' encoding to copy filtered resources.
2021-01-15 16:05:51,180 [Worker-69: Building] INFO  o.e.m.c.i.embedder.EclipseLogger - skip non existing resourceDirectory C:\Users\paone\eclipse-workspace\New_E2EProject\E2E_Maven_Project\src\test\resources
2021-01-15 16:06:24,376 [Worker-64: Building] INFO  o.e.m.c.i.embedder.EclipseLogger - Using 'UTF-8' encoding to copy filtered resources.
2021-01-15 16:06:24,377 [Worker-64: Building] INFO  o.e.m.c.i.embedder.EclipseLogger - Copying 0 resource
2021-01-15 16:06:24,377 [Worker-64: Building] INFO  o.e.m.c.i.embedder.EclipseLogger - Using 'UTF-8' encoding to copy filtered resources.
2021-01-15 16:06:24,378 [Worker-64: Building] INFO  o.e.m.c.i.embedder.EclipseLogger - skip non existing resourceDirectory C:\Users\paone\eclipse-workspace\New_E2EProject\E2E_Maven_Project\src\test\resources
2021-01-15 16:06:59,997 [Worker-69: Building] INFO  o.e.m.c.i.embedder.EclipseLogger - Using 'UTF-8' encoding to copy filtered resources.
2021-01-15 16:06:59,998 [Worker-69: Building] INFO  o.e.m.c.i.embedder.EclipseLogger - Copying 0 resource
2021-01-15 16:06:59,999 [Worker-69: Building] INFO  o.e.m.c.i.embedder.EclipseLogger - Using 'UTF-8' encoding to copy filtered resources.
2021-01-15 16:06:59,999 [Worker-69: Building] INFO  o.e.m.c.i.embedder.EclipseLogger - skip non existing resourceDirectory C:\Users\paone\eclipse-workspace\New_E2EProject\E2E_Maven_Project\src\test\resources
2021-01-15 16:07:04,285 [Worker-69: Building] INFO  o.e.m.c.i.embedder.EclipseLogger - Using 'UTF-8' encoding to copy filtered resources.
2021-01-15 16:07:04,286 [Worker-69: Building] INFO  o.e.m.c.i.embedder.EclipseLogger - Copying 0 resource
2021-01-15 16:07:04,287 [Worker-69: Building] INFO  o.e.m.c.i.embedder.EclipseLogger - Using 'UTF-8' encoding to copy filtered resources.
2021-01-15 16:07:04,287 [Worker-69: Building] INFO  o.e.m.c.i.embedder.EclipseLogger - skip non existing resourceDirectory C:\Users\paone\eclipse-workspace\New_E2EProject\E2E_Maven_Project\src\test\resources
2021-01-15 16:07:08,991 [Worker-64: Building] INFO  o.e.m.c.i.embedder.EclipseLogger - Using 'UTF-8' encoding to copy filtered resources.
2021-01-15 16:07:08,992 [Worker-64: Building] INFO  o.e.m.c.i.embedder.EclipseLogger - Copying 0 resource
2021-01-15 16:07:08,992 [Worker-64: Building] INFO  o.e.m.c.i.embedder.EclipseLogger - Using 'UTF-8' encoding to copy filtered resources.
2021-01-15 16:07:08,992 [Worker-64: Building] INFO  o.e.m.c.i.embedder.EclipseLogger - skip non existing resourceDirectory C:\Users\paone\eclipse-workspace\New_E2EProject\E2E_Maven_Project\src\test\resources
2021-01-15 16:07:19,169 [Worker-65: Building] INFO  o.e.m.c.i.embedder.EclipseLogger - Using 'UTF-8' encoding to copy filtered resources.
2021-01-15 16:07:19,170 [Worker-65: Building] INFO  o.e.m.c.i.embedder.EclipseLogger - Copying 0 resource
2021-01-15 16:07:19,170 [Worker-65: Building] INFO  o.e.m.c.i.embedder.EclipseLogger - Using 'UTF-8' encoding to copy filtered resources.
2021-01-15 16:07:19,171 [Worker-65: Building] INFO  o.e.m.c.i.embedder.EclipseLogger - skip non existing resourceDirectory C:\Users\paone\eclipse-workspace\New_E2EProject\E2E_Maven_Project\src\test\resources
2021-01-15 16:08:14,911 [Worker-65: Updating Maven Project] INFO  o.e.m.c.i.p.ProjectConfigurationManager - Update started
2021-01-15 16:08:15,461 [Worker-65: Updating Maven Project] INFO  o.e.m.c.i.l.LifecycleMappingFactory - Using org.eclipse.m2e.jdt.JarLifecycleMapping lifecycle mapping for MavenProject: PavanAcademy:E2E_Maven_Project:0.0.1-SNAPSHOT @ C:\Users\paone\eclipse-workspace\New_E2EProject\E2E_Maven_Project\pom.xml.
2021-01-15 16:08:15,827 [Worker-65: Updating Maven Project] INFO  o.e.m.j.i.AbstractJavaProjectConfigurator - Adding source folder /E2E_Maven_Project/src/main/java
2021-01-15 16:08:15,828 [Worker-65: Updating Maven Project] INFO  o.e.m.j.i.AbstractJavaProjectConfigurator - Adding resource folder /E2E_Maven_Project/src/main/resources
2021-01-15 16:08:15,838 [Worker-65: Updating Maven Project] INFO  o.e.m.j.i.AbstractJavaProjectConfigurator - Adding source folder /E2E_Maven_Project/src/test/java
2021-01-15 16:08:16,010 [Worker-65: Updating Maven Project] INFO  o.e.m.c.i.p.ProjectConfigurationManager - Update completed: 1 sec
2021-01-15 16:08:16,355 [Worker-70: Building] INFO  o.e.m.c.i.embedder.EclipseLogger - Using 'UTF-8' encoding to copy filtered resources.
2021-01-15 16:08:16,355 [Worker-70: Building] INFO  o.e.m.c.i.embedder.EclipseLogger - Copying 0 resource
2021-01-15 16:08:16,356 [Worker-70: Building] INFO  o.e.m.c.i.embedder.EclipseLogger - Using 'UTF-8' encoding to copy filtered resources.
2021-01-15 16:08:16,357 [Worker-70: Building] INFO  o.e.m.c.i.embedder.EclipseLogger - skip non existing resourceDirectory C:\Users\paone\eclipse-workspace\New_E2EProject\E2E_Maven_Project\src\test\resources
